module: Stack 1
0
5
6
1  2.942e-04
7
1  2.973e-04
8
1  3.133e-04
9
1  6.394e-04
10
1  9.867e-04
11
1  3.336e-04
12
1  7.081e-04
13
1  3.931e-04
14
1  9.979e-04
15
1  7.387e-04
16
1  3.788e-04
17
1  4.373e-04
18
1  3.489e-04
19
1  5.852e-04
20
1  4.950e-04
21
1  9.660e-04
22
1  7.287e-04
23
1  3.554e-04
24
1  9.841e-04
25
1  3.129e-04
26
1  3.351e-04
27
1  2.806e-04
28
1  3.269e-04
29
1  3.635e-04
30
1  3.710e-04
31
1  4.730e-04
32
1  3.296e-04
33
1  3.555e-04
34
1  5.676e-04
35
1  3.475e-04
36
1  5.681e-04
37
1  8.681e-04
38
1  3.204e-04
39
1  3.592e-04
40
1  1.001e-03
41
1  3.329e-04
42
1  3.773e-04
43
1  3.961e-04
44
1  7.622e-04
45
1  1.019e-03
46
1  7.093e-04
47
1  6.911e-04
48
1  3.472e-04
49
1  9.909e-04
50
1  5.623e-04
51
1  6.416e-04
52
1  9.321e-04
53
1  5.995e-04
54
1  6.974e-04
55
1  3.930e-04
56
1  5.987e-04
57
1  4.320e-04
58
1  9.133e-04
59
1  8.876e-04
60
1  6.550e-04
61
1  9.899e-04
62
1  4.319e-04
63
1  9.435e-04
64
1  4.271e-04
65
1  3.136e-04
66
1  7.099e-04
67
1  3.840e-04
68
1  5.705e-04
69
1  5.275e-04
70
1  9.834e-04
71
1  3.884e-04
72
1  3.701e-04
73
1  3.597e-04
74
1  3.390e-04
75
1  3.761e-04
76
1  3.650e-04
77
1  8.780e-04
78
1  3.645e-04
79
1  7.411e-04
80
1  4.286e-04
81
1  9.648e-04
82
1  3.748e-04
83
1  6.373e-04
84
1  7.315e-04
85
1  9.558e-04
86
1  8.924e-04
87
1  9.619e-04
88
1  5.709e-04
89
1  5.535e-04
90
1  6.048e-04
91
1  4.260e-04
92
1  4.263e-04
93
1  3.851e-04
94
1  2.965e-04
95
1  3.342e-04
96
1  5.754e-04
97
1  3.710e-04
98
1  3.530e-04
99
1  2.997e-04
100
1  4.864e-04
101
1  4.051e-04
102
1  6.530e-04
103
1  5.312e-04
104
1  5.225e-04
105
1  5.951e-04
106
1  3.236e-04
107
1  4.027e-04
108
1  7.594e-04
109
1  4.044e-04
110
1  5.199e-04
111
1  9.376e-04
112
1  3.457e-04
113
1  5.920e-04
114
1  3.856e-04
115
1  5.001e-04
116
1  6.781e-04
117
1  3.797e-04
118
1  7.122e-04
119
1  7.887e-04
120
1  9.237e-04
121
1  3.322e-04
122
1  5.625e-04
123
1  3.528e-04
124
1  4.016e-04
125
1  4.417e-04
126
1  1.004e-03
127
1  3.328e-04
128
1  1.049e-03
129
1  9.569e-04
130
1  9.699e-04
131
1  3.389e-04
132
1  6.625e-04
133
1  1.013e-03
134
1  3.395e-04
135
1  4.382e-04
136
1  3.195e-04
137
1  3.247e-04
138
1  8.080e-04
139
1  4.166e-04
140
1  1.040e-03
141
1  6.056e-04
142
1  5.868e-04
143
1  6.297e-04
144
1  5.230e-04
145
1  6.780e-04
146
1  3.651e-04
147
1  3.664e-04
148
1  3.765e-04
149
1  7.108e-04
150
1  3.207e-04
151
1  4.132e-04
152
1  3.918e-04
153
1  3.992e-04
154
1  3.282e-04
155
1  3.768e-04
156
1  7.228e-04
157
1  3.710e-04
158
1  9.267e-04
159
1  4.078e-04
160
1  6.395e-04
161
1  6.831e-04
162
1  9.793e-04
163
1  7.547e-04
164
1  3.259e-04
165
1  3.908e-04
166
1  3.800e-04
167
1  9.497e-04
168
1  6.970e-04
169
1  5.457e-04
170
1  3.687e-04
171
1  3.643e-04
172
1  3.081e-04
173
1  3.456e-04
174
1  3.681e-04
175
1  9.842e-04
176
1  3.530e-04
177
1  9.850e-04
178
1  5.588e-04
179
1  5.879e-04
180
1  2.689e-04
181
1  4.770e-04
182
1  3.264e-04
183
1  7.059e-04
184
1  9.768e-04
185
1  3.597e-04
186
1  8.069e-04
187
1  3.876e-04
188
1  4.085e-04
189
1  7.183e-04
190
1  6.105e-04
191
1  6.598e-04
192
1  6.007e-04
193
1  9.156e-04
194
1  1.089e-03
195
1  3.433e-04
196
1  4.304e-04
197
1  7.426e-04
198
1  1.034e-03
199
1  3.430e-04
200
1  2.965e-04
201
1  3.263e-04
202
1  9.400e-04
203
1  3.470e-04
204
1  5.622e-04
205
1  3.475e-04
206
1  4.197e-04
207
1  3.540e-04
208
1  3.684e-04
209
1  5.424e-04
210
1  5.320e-04
211
1  3.217e-04
212
1  3.594e-04
213
1  3.095e-04
214
1  3.155e-04
215
1  5.404e-04
216
1  5.277e-04
217
1  4.901e-04
218
1  6.911e-04
219
1  1.015e-03
220
1  5.450e-04
221
1  4.233e-04
222
1  3.797e-04
223
1  7.916e-04
224
1  3.753e-04
225
1  3.918e-04
226
1  6.115e-04
227
1  3.810e-04
228
1  3.569e-04
229
1  6.653e-04
230
1  3.767e-04
231
1  9.665e-04
232
1  4.078e-04
233
1  4.050e-04
234
1  9.576e-04
235
1  5.356e-04
236
1  3.380e-04
237
1  3.314e-04
238
1  4.016e-04
239
1  3.107e-04
240
1  6.964e-04
241
1  4.015e-04
242
1  3.128e-04
243
1  5.686e-04
244
1  3.378e-04
245
1  3.321e-04
246
1  5.237e-04
247
1  4.370e-04
248
1  9.813e-04
249
1  7.674e-04
250
1  6.984e-04
251
1  1.056e-03
252
1  9.567e-04
253
1  3.614e-04
254
1  6.464e-04
255
1  3.448e-04
256
1  3.894e-04
257
1  6.615e-04
258
1  7.102e-04
259
1  7.457e-04
260
1  9.479e-04
261
1  3.773e-04
262
1  1.018e-03
263
1  3.268e-04
264
1  3.298e-04
265
1  7.303e-04
266
1  9.129e-04
267
1  9.220e-04
268
1  4.933e-04
269
1  3.792e-04
270
1  5.147e-04
271
1  4.926e-04
272
1  6.873e-04
273
1  3.152e-04
274
1  9.698e-04
275
1  3.269e-04
276
1  3.945e-04
277
1  5.904e-04
278
1  7.163e-04
279
1  3.730e-04
280
1  2.589e-04
281
1  3.755e-04
282
1  4.012e-04
283
1  5.688e-04
284
1  9.765e-04
285
1  3.579e-04
286
1  7.471e-04
287
1  7.784e-04
288
1  2.896e-04
289
1  9.384e-04
290
1  9.355e-04
291
1  3.832e-04
292
1  2.748e-04
293
1  7.404e-04
294
1  3.049e-04
295
1  3.545e-04
296
1  9.528e-04
297
1  5.906e-04
298
1  3.736e-04
299
1  5.454e-04
300
1  7.012e-04
301
1  3.915e-04
302
1  7.469e-04
303
1  3.749e-04
304
1  5.637e-04
305
1  2.942e-04
306
1  4.503e-04
307
1  5.585e-04
308
1  4.380e-04
309
1  8.929e-04
310
1  3.377e-04
311
1  3.483e-04
312
1  7.351e-04
313
1  3.457e-04
314
1  4.056e-04
315
1  3.902e-04
316
1  3.826e-04
317
1  3.858e-04
318
1  3.889e-04
319
1  3.053e-04
320
1  3.746e-04
321
1  3.785e-04
322
1  6.984e-04
323
1  3.387e-04
324
1  4.399e-04
325
1  9.659e-04
326
1  3.624e-04
327
1  9.348e-04
328
1  9.966e-04
329
1  5.777e-04
330
1  7.335e-04
331
1  5.257e-04
332
1  3.502e-04
333
1  9.310e-04
334
1  6.054e-04
335
1  4.944e-04
336
1  4.089e-04
337
1  3.864e-04
338
1  3.470e-04
339
1  7.446e-04
340
1  5.620e-04
341
1  1.030e-03
342
1  3.273e-04
343
1  5.767e-04
344
1  7.552e-04
345
1  3.255e-04
346
1  6.664e-04
347
1  3.522e-04
348
1  9.098e-04
349
1  7.454e-04
350
1  4.308e-04
351
1  3.546e-04
352
1  6.326e-04
353
1  3.627e-04
354
1  7.028e-04
355
1  9.926e-04
356
1  3.129e-04
357
1  3.582e-04
358
1  1.014e-03
359
1  3.500e-04
360
1  3.279e-04
361
1  7.790e-04
362
1  4.808e-04
363
1  9.706e-04
364
1  6.120e-04
365
1  7.748e-04
366
1  3.890e-04
367
1  7.326e-04
368
1  4.116e-04
369
1  3.564e-04
370
1  3.890e-04
371
1  9.535e-04
372
1  4.098e-04
373
1  1.073e-03
374
1  5.657e-04
375
1  5.866e-04
376
1  7.177e-04
377
1  9.426e-04
378
1  3.861e-04
379
1  3.669e-04
380
1  7.722e-04
381
1  4.173e-04
382
1  3.809e-04
383
1  4.010e-04
384
1  2.948e-04
385
1  3.736e-04
386
1  3.971e-04
387
1  3.268e-04
388
1  6.495e-04
389
1  9.066e-04
390
1  3.273e-04
391
1  4.010e-04
392
1  5.260e-04
393
1  7.113e-04
394
1  9.041e-04
395
1  8.161e-04
396
1  9.389e-04
397
1  3.392e-04
398
1  3.989e-04
399
1  3.614e-04
400
1  2.613e-04
401
1  5.792e-04
402
1  3.716e-04
403
1  5.438e-04
404
1  7.687e-04
405
1  7.034e-04
406
1  3.570e-04
407
1  3.270e-04
408
1  4.259e-04
409
1  1.057e-03
410
1  7.460e-04
411
1  3.698e-04
412
1  1.012e-03
413
1  4.270e-04
414
1  7.100e-04
415
1  3.792e-04
416
1  3.094e-04
417
1  3.437e-04
418
1  3.136e-04
419
1  4.094e-04
420
1  9.578e-04
421
1  1.050e-03
422
1  5.385e-04
423
1  3.387e-04
424
1  3.847e-04
425
1  5.795e-04
426
1  3.593e-04
427
1  3.536e-04
428
1  3.252e-04
429
1  4.401e-04
430
1  5.620e-04
431
1  9.633e-04
432
1  5.723e-04
433
1  3.351e-04
434
1  3.330e-04
435
1  3.659e-04
436
1  3.875e-04
437
1  3.397e-04
438
1  7.275e-04
439
1  3.404e-04
440
1  9.930e-04
441
1  7.415e-04
442
1  6.287e-04
443
1  5.257e-04
444
1  9.847e-04
445
1  3.015e-04
446
1  3.604e-04
447
1  7.743e-04
448
1  4.649e-04
449
1  9.549e-04
450
1  7.840e-04
451
1  6.507e-04
452
1  7.039e-04
453
1  3.728e-04
454
1  3.980e-04
455
1  1.004e-03
456
1  5.859e-04
457
1  7.410e-04
458
1  9.825e-04
459
1  6.001e-04
460
1  9.652e-04
461
1  6.799e-04
462
1  9.424e-04
463
1  7.487e-04
464
1  3.229e-04
465
1  7.349e-04
466
1  4.403e-04
467
1  6.651e-04
468
1  3.623e-04
469
1  4.143e-04
470
1  8.964e-04
471
1  6.905e-04
472
1  1.028e-03
473
1  4.237e-04
474
1  9.272e-04
475
1  3.427e-04
476
1  4.396e-04
477
1  9.723e-04
478
1  8.005e-04
479
1  3.352e-04
480
1  1.010e-03
481
1  7.000e-04
482
1  3.984e-04
483
1  3.837e-04
484
1  4.095e-04
485
1  9.506e-04
486
1  5.826e-04
487
1  4.477e-04
488
1  3.441e-04
489
1  3.813e-04
490
1  4.411e-04
491
1  3.921e-04
492
1  3.235e-04
493
1  4.440e-04
494
1  3.375e-04
495
1  4.198e-04
496
1  4.249e-04
497
1  7.153e-04
498
1  3.288e-04
499
1  3.781e-04
500
1  5.461e-04
501
1  4.125e-04
502
1  3.057e-04
503
1  3.525e-04
504
1  3.364e-04
505
1  6.941e-04
506
1  3.231e-04
507
1  9.915e-04
508
1  9.800e-04
509
1  5.827e-04
510
1  3.406e-04
511
1  5.228e-04
512
1  3.082e-04
513
1  4.035e-04
514
1  6.406e-04
515
1  1.091e-03
516
1  7.580e-04
517
1  3.763e-04
518
1  3.886e-04
519
1  3.572e-04
520
1  7.745e-04
521
1  3.711e-04
522
1  6.220e-04
523
1  3.397e-04
524
1  9.219e-04
525
1  3.679e-04
526
1  3.918e-04
527
1  3.809e-04
528
1  3.676e-04
529
1  5.747e-04
530
1  9.165e-04
531
1  6.015e-04
532
1  3.471e-04
533
1  3.975e-04
534
1  4.107e-04
535
1  7.338e-04
536
1  6.965e-04
537
1  7.100e-04
538
1  3.484e-04
539
1  1.073e-03
540
1  9.372e-04
541
1  6.593e-04
542
1  3.469e-04
543
1  3.504e-04
544
1  4.027e-04
545
1  3.135e-04
546
1  3.443e-04
547
1  3.786e-04
548
1  3.621e-04
549
1  6.153e-04
550
1  3.980e-04
551
1  5.560e-04
552
1  3.808e-04
553
1  6.502e-04
554
1  6.778e-04
555
1  7.595e-04
556
1  6.366e-04
557
1  9.435e-04
558
1  3.880e-04
559
1  1.040e-03
560
1  9.366e-04
561
1  4.596e-04
562
1  2.861e-04
563
1  9.970e-04
564
1  4.218e-04
565
1  4.207e-04
566
1  9.670e-04
567
1  3.636e-04
568
1  6.430e-04
569
1  4.053e-04
570
1  3.906e-04
571
1  7.721e-04
572
1  3.104e-04
573
1  4.993e-04
574
1  8.863e-04
575
1  3.711e-04
576
1  3.417e-04
577
1  3.607e-04
578
1  5.826e-04
579
1  3.118e-04
580
1  5.018e-04
581
1  6.237e-04
582
1  3.071e-04
583
1  7.441e-04
584
1  5.685e-04
585
1  3.828e-04
586
1  6.739e-04
587
1  1.083e-03
588
1  5.428e-04
589
1  5.430e-04
590
1  3.120e-04
591
1  9.693e-04
592
1  3.862e-04
593
1  3.456e-04
594
1  3.562e-04
595
1  3.902e-04
596
1  3.593e-04
597
1  7.462e-04
598
1  3.528e-04
599
1  3.738e-04
600
1  3.664e-04
601
1  6.439e-04
602
1  3.548e-04
603
1  9.298e-04
604
1  3.520e-04
605
1  7.108e-04
606
1  6.035e-04
607
1  4.696e-04
608
1  4.525e-04
609
1  3.606e-04
610
1  4.032e-04
611
1  4.906e-04
612
1  6.586e-04
613
1  3.410e-04
614
1  3.354e-04
615
1  9.565e-04
616
1  6.043e-04
617
1  3.804e-04
618
1  3.702e-04
619
1  9.289e-04
620
1  5.174e-04
621
1  4.351e-04
622
1  3.665e-04
623
1  3.034e-04
624
1  3.514e-04
625
1  6.975e-04
626
1  1.030e-03
627
1  3.769e-04
628
1  3.448e-04
629
1  2.402e-04
630
1  3.346e-04
631
1  3.724e-04
632
1  3.341e-04
633
1  6.084e-04
634
1  4.742e-04
635
1  4.793e-04
636
1  3.626e-04
637
1  5.427e-04
638
1  5.809e-04
639
1  3.753e-04
640
1  5.042e-04
641
1  6.880e-04
642
1  1.031e-03
643
1  3.456e-04
644
1  4.110e-04
645
1  4.007e-04
646
1  3.155e-04
647
1  7.758e-04
648
1  3.769e-04
649
1  3.885e-04
650
1  3.603e-04
651
1  7.636e-04
652
1  5.590e-04
653
1  3.549e-04
654
1  5.650e-04
655
1  4.938e-04
656
1  9.277e-04
657
1  3.918e-04
658
1  9.958e-04
659
1  6.119e-04
660
1  4.078e-04
661
1  4.139e-04
662
1  4.430e-04
663
1  4.142e-04
664
1  5.413e-04
665
1  7.495e-04
666
1  3.584e-04
667
1  9.706e-04
668
1  3.240e-04
669
1  5.632e-04
670
1  5.787e-04
671
1  3.244e-04
672
1  7.149e-04
673
1  7.512e-04
674
1  3.191e-04
675
1  7.351e-04
676
1  3.638e-04
677
1  3.105e-04
678
1  3.467e-04
679
1  7.716e-04
680
1  3.531e-04
681
1  3.447e-04
682
1  1.002e-03
683
1  9.851e-04
684
1  1.053e-03
685
1  3.341e-04
686
1  3.873e-04
687
1  4.140e-04
688
1  3.123e-04
689
1  9.673e-04
690
1  7.325e-04
691
1  3.587e-04
692
1  4.576e-04
693
1  3.467e-04
694
1  3.610e-04
695
1  7.383e-04
696
1  5.804e-04
697
1  3.869e-04
698
1  3.691e-04
699
1  9.679e-04
700
1  1.021e-03
701
1  3.704e-04
702
1  3.809e-04
703
1  6.247e-04
704
1  5.909e-04
705
1  4.902e-04
706
1  5.347e-04
707
1  3.732e-04
708
1  3.341e-04
709
1  5.282e-04
710
1  3.487e-04
711
1  3.842e-04
712
1  6.661e-04
713
1  3.413e-04
714
1  3.788e-04
715
1  7.029e-04
716
1  3.623e-04
717
1  1.025e-03
718
1  4.142e-04
719
1  6.508e-04
720
1  6.874e-04
721
1  4.026e-04
722
1  3.243e-04
723
1  4.075e-04
724
1  7.326e-04
725
1  4.285e-04
726
1  3.981e-04
727
1  1.018e-03
728
1  8.267e-04
729
1  5.702e-04
730
1  5.665e-04
731
1  3.655e-04
732
1  5.139e-04
733
1  9.550e-04
734
1  1.102e-03
735
1  2.857e-04
736
1  3.345e-04
737
1  3.906e-04
738
1  2.939e-04
739
1  3.862e-04
740
1  3.158e-04
741
1  3.095e-04
742
1  3.891e-04
743
1  3.505e-04
744
1  1.013e-03
745
1  7.099e-04
746
1  6.926e-04
747
1  8.187e-04
748
1  6.066e-04
749
1  3.743e-04
750
1  5.865e-04
751
1  3.252e-04
752
1  5.518e-04
753
1  3.465e-04
754
1  4.854e-04
755
1  6.004e-04
756
1  2.990e-04
757
1  3.953e-04
758
1  3.420e-04
759
1  3.766e-04
760
1  4.056e-04
761
1  3.999e-04
762
1  7.665e-04
763
1  5.774e-04
764
1  1.030e-03
765
1  5.120e-04
766
1  2.958e-04
767
1  3.399e-04
768
1  5.533e-04
769
1  3.393e-04
770
1  4.097e-04
771
1  9.192e-04
772
1  3.437e-04
773
1  9.294e-04
774
1  7.937e-04
775
1  6.813e-04
776
1  9.198e-04
777
1  3.858e-04
778
1  4.032e-04
779
1  1.058e-03
780
1  3.235e-04
781
1  7.346e-04
782
1  5.866e-04
783
1  5.091e-04
784
1  5.496e-04
785
1  6.822e-04
786
1  9.486e-04
787
1  7.831e-04
788
1  4.166e-04
789
1  9.168e-04
790
1  3.113e-04
791
1  4.478e-04
792
1  1.010e-03
793
1  6.345e-04
794
1  2.936e-04
795
1  3.549e-04
796
1  4.720e-04
797
1  3.463e-04
798
1  3.823e-04
799
1  6.459e-04
800
1  6.658e-04
801
1  9.236e-04
802
1  3.986e-04
803
1  5.924e-04
804
1  5.228e-04
805
1  7.231e-04
806
1  7.147e-04
807
1  9.660e-04
808
1  5.757e-04
809
1  3.159e-04
810
1  8.808e-04
811
1  4.060e-04
812
1  3.814e-04
813
1  3.938e-04
814
1  5.250e-04
815
1  7.787e-04
816
1  3.626e-04
817
1  3.173e-04
818
1  7.023e-04
819
1  3.788e-04
820
1  9.604e-04
821
1  3.412e-04
822
1  3.562e-04
823
1  3.246e-04
824
1  4.051e-04
825
1  7.275e-04
826
1  9.095e-04
827
1  3.941e-04
828
1  7.805e-04
829
1  7.063e-04
830
1  4.207e-04
831
1  9.780e-04
832
1  1.018e-03
833
1  4.169e-04
834
1  3.585e-04
835
1  6.735e-04
836
1  3.638e-04
837
1  7.764e-04
838
1  4.094e-04
839
1  9.103e-04
840
1  7.541e-04
841
1  3.598e-04
842
1  7.334e-04
843
1  5.874e-04
844
1  2.995e-04
845
1  3.851e-04
846
1  9.802e-04
847
1  9.242e-04
848
1  3.844e-04
849
1  5.638e-04
850
1  5.263e-04
851
1  3.434e-04
852
1  3.706e-04
853
1  4.083e-04
854
1  4.198e-04
855
1  8.621e-04
856
1  5.897e-04
857
1  3.326e-04
858
1  5.672e-04
859
1  7.830e-04
860
1  5.660e-04
861
1  3.164e-04
862
1  3.838e-04
863
1  2.779e-04
864
1  5.383e-04
865
1  9.815e-04
866
1  4.693e-04
867
1  7.601e-04
868
1  4.014e-04
869
1  3.877e-04
870
1  3.337e-04
871
1  3.550e-04
872
1  1.001e-03
873
1  3.549e-04
874
1  3.704e-04
875
1  7.264e-04
876
1  3.121e-04
877
1  4.052e-04
878
1  9.412e-04
879
1  4.699e-04
880
1  3.526e-04
881
1  4.472e-04
882
1  2.989e-04
883
1  3.135e-04
884
1  3.961e-04
885
1  5.879e-04
886
1  3.556e-04
887
1  3.199e-04
888
1  3.823e-04
889
1  7.742e-04
890
1  3.883e-04
891
1  1.056e-03
892
1  3.231e-04
893
1  3.051e-04
894
1  7.158e-04
895
1  3.522e-04
896
1  3.937e-04
897
1  4.223e-04
898
1  1.015e-03
899
1  7.030e-04
900
1  6.389e-04
901
1  9.417e-04
902
1  5.501e-04
903
1  3.748e-04
904
1  6.873e-04
905
1  6.515e-04
906
1  3.890e-04
907
1  3.470e-04
908
1  3.821e-04
909
1  6.198e-04
910
1  4.105e-04
911
1  6.105e-04
912
1  6.927e-04
913
1  6.697e-04
914
1  3.215e-04
915
1  5.829e-04
916
1  8.999e-04
917
1  2.967e-04
918
1  4.057e-04
919
1  1.061e-03
920
1  3.950e-04
921
1  4.017e-04
922
1  6.473e-04
923
1  6.465e-04
924
1  4.046e-04
925
1  3.664e-04
926
1  7.332e-04
927
1  3.707e-04
928
1  4.421e-04
929
1  5.476e-04
930
1  4.049e-04
931
1  3.023e-04
932
1  9.918e-04
933
1  3.100e-04
934
1  3.553e-04
935
1  7.786e-04
936
1  3.612e-04
937
1  4.179e-04
938
1  9.742e-04
939
1  7.273e-04
940
1  9.735e-04
941
1  3.792e-04
942
1  5.650e-04
943
1  3.232e-04
944
1  3.748e-04
945
1  3.326e-04
946
1  3.397e-04
947
1  3.804e-04
948
1  9.862e-04
949
1  7.236e-04
950
1  9.266e-04
951
1  3.522e-04
952
1  3.140e-04
953
1  3.428e-04
954
1  1.011e-03
955
1  5.164e-04
956
1  3.680e-04
957
1  3.862e-04
958
1  6.328e-04
959
1  7.316e-04
960
1  3.611e-04
961
1  1.044e-03
962
1  9.952e-04
963
1  5.860e-04
964
1  5.094e-04
965
1  5.704e-04
966
1  3.832e-04
967
1  1.047e-03
968
1  9.108e-04
969
1  6.879e-04
970
1  9.780e-04
971
1  6.437e-04
972
1  5.310e-04
973
1  4.800e-04
974
1  3.749e-04
975
1  3.062e-04
976
1  5.113e-04
977
1  4.219e-04
978
1  2.842e-04
979
1  3.312e-04
980
1  3.925e-04
981
1  3.522e-04
982
1  3.659e-04
983
1  3.280e-04
984
1  4.151e-04
985
1  3.699e-04
986
1  7.310e-04
987
1  5.959e-04
988
1  3.415e-04
989
1  6.267e-04
990
1  5.621e-04
991
1  3.264e-04
992
1  3.167e-04
993
1  4.455e-04
994
1  9.633e-04
995
1  4.079e-04
996
1  3.579e-04
997
1  3.863e-04
998
1  3.731e-04
999
1  4.362e-04
1000
1  4.333e-04
1001
1  6.363e-04
1002
1  5.069e-04
1003
1  6.271e-04
1004
1  3.751e-04
1005
1  3.369e-04
1006
1  3.600e-04
1007
1  3.937e-04
1008
1  7.104e-04
1009
1  3.539e-04
1010
1  3.571e-04
1011
1  4.232e-04
1012
1  5.891e-04
1013
1  9.155e-04
1014
1  9.264e-04
1015
1  1.038e-03
1016
1  6.981e-04
1017
1  4.224e-04
1018
1  3.623e-04
1019
1  9.900e-04
1020
1  7.694e-04
1021
1  3.538e-04
1022
1  1.007e-03
1023
1  2.708e-04
1024
1  5.310e-04
1025
1  5.198e-04
1026
1  4.712e-04
1027
1  3.670e-04
1028
1  5.264e-04
1029
1  4.220e-04
1030
1  7.192e-04
1031
1  3.569e-04
1032
1  9.412e-04
1033
1  3.259e-04
1034
1  4.148e-04
1035
1  3.810e-04
1036
1  3.488e-04
1037
1  3.704e-04
1038
1  7.281e-04
1039
1  9.398e-04
1040
1  4.071e-04
1041
1  3.214e-04
1042
1  3.707e-04
1043
1  8.238e-04
1044
1  3.528e-04
1045
1  6.012e-04
1046
1  3.967e-04
1047
1  3.220e-04
1048
1  5.725e-04
1049
1  5.888e-04
1050
1  4.253e-04
1051
1  4.853e-04
1052
1  7.243e-04
1053
1  1.003e-03
1054
1  6.541e-04
1055
1  4.404e-04
1056
1  3.939e-04
1057
1  1.009e-03
1058
1  4.483e-04
1059
1  9.311e-04
1060
1  3.598e-04
1061
1  3.522e-04
1062
1  3.258e-04
1063
1  3.402e-04
1064
1  7.123e-04
1065
1  9.899e-04
1066
1  6.917e-04
1067
1  9.498e-04
1068
1  7.849e-04
1069
1  3.758e-04
1070
1  6.691e-04
1071
1  5.571e-04
1072
1  9.054e-04
1073
1  9.193e-04
1074
1  3.252e-04
1075
1  5.677e-04
1076
1  5.431e-04
1077
1  3.677e-04
1078
1  4.193e-04
1079
1  3.953e-04
1080
1  6.164e-04
1081
1  3.660e-04
1082
1  3.687e-04
1083
1  7.144e-04
1084
1  3.910e-04
1085
1  9.589e-04
1086
1  3.777e-04
1087
1  3.099e-04
1088
1  3.925e-04
1089
1  3.436e-04
1090
1  3.561e-04
1091
1  5.697e-04
1092
1  2.837e-04
1093
1  3.312e-04
1094
1  3.574e-04
1095
1  5.171e-04
1096
1  3.859e-04
1097
1  6.576e-04
1098
1  5.515e-04
1099
1  6.685e-04
1100
1  4.067e-04
1101
1  9.343e-04
1102
1  3.583e-04
1103
1  1.041e-03
1104
1  6.310e-04
1105
1  3.747e-04
1106
1  3.408e-04
1107
1  6.877e-04
1108
1  9.873e-04
1109
1  3.877e-04
1110
1  3.013e-04
1111
1  7.904e-04
1112
1  9.655e-04
1113
1  3.754e-04
1114
1  5.398e-04
1115
1  4.034e-04
1116
1  3.737e-04
1117
1  3.396e-04
1118
1  3.153e-04
1119
1  7.237e-04
1120
1  1.024e-03
1121
1  2.708e-04
1122
1  3.301e-04
1123
1  3.075e-04
1124
1  2.929e-04
1125
1  5.816e-04
1126
1  3.270e-04
1127
1  3.987e-04
1128
1  5.019e-04
1129
1  7.248e-04
1130
1  4.290e-04
1131
1  3.778e-04
1132
1  9.996e-04
1133
1  3.225e-04
1134
1  7.750e-04
1135
1  9.614e-04
1136
1  5.667e-04
1137
1  7.276e-04
1138
1  3.562e-04
1139
1  6.039e-04
1140
1  4.153e-04
1141
1  3.200e-04
1142
1  3.738e-04
1143
1  3.472e-04
1144
1  3.997e-04
1145
1  3.882e-04
1146
1  9.382e-04
1147
1  3.864e-04
1148
1  8.278e-04
1149
1  1.011e-03
1150
1  7.821e-04
1151
1  3.824e-04
1152
1  6.230e-04
1153
1  5.783e-04
1154
1  9.841e-04
1155
1  3.685e-04
1156
1  5.704e-04
1157
1  7.914e-04
1158
1  3.419e-04
1159
1  6.569e-04
1160
1  1.028e-03
1161
1  9.944e-04
1162
1  6.845e-04
1163
1  6.188e-04
1164
1  1.013e-03
1165
1  5.674e-04
1166
1  4.333e-04
1167
1  7.359e-04
1168
1  3.679e-04
1169
1  3.438e-04
1170
1  3.214e-04
1171
1  3.864e-04
1172
1  7.471e-04
1173
1  9.502e-04
1174
1  4.477e-04
1175
1  3.695e-04
1176
1  9.514e-04
1177
1  4.068e-04
1178
1  3.928e-04
1179
1  5.219e-04
1180
1  4.110e-04
1181
1  4.681e-04
1182
1  7.832e-04
1183
1  2.947e-04
1184
1  7.314e-04
1185
1  3.535e-04
1186
1  1.043e-03
1187
1  9.901e-04
1188
1  4.023e-04
1189
1  7.353e-04
1190
1  3.386e-04
1191
1  3.378e-04
1192
1  4.977e-04
1193
1  3.915e-04
1194
1  3.587e-04
1195
1  6.402e-04
1196
1  6.518e-04
1197
1  9.447e-04
1198
1  5.842e-04
1199
1  4.895e-04
1200
1  7.373e-04
1201
1  3.996e-04
1202
1  3.088e-04
1203
1  6.939e-04
1204
1  4.027e-04
1205
1  9.037e-04
1206
1  3.504e-04
1207
1  3.090e-04
1208
1  3.887e-04
1209
1  6.935e-04
1210
1  5.495e-04
1211
1  4.068e-04
1212
1  4.164e-04
1213
1  8.815e-04
1214
1  6.235e-04
1215
1  3.563e-04
1216
1  9.530e-04
1217
1  6.034e-04
1218
1  4.430e-04
1219
1  3.774e-04
1220
1  3.108e-04
1221
1  6.510e-04
1222
1  4.144e-04
1223
1  3.380e-04
1224
1  1.007e-03
1225
1  4.000e-04
1226
1  4.266e-04
1227
1  7.031e-04
1228
1  3.191e-04
1229
1  3.527e-04
1230
1  7.392e-04
1231
1  4.177e-04
1232
1  5.646e-04
1233
1  9.881e-04
1234
1  3.634e-04
1235
1  3.505e-04
1236
1  6.579e-04
1237
1  3.857e-04
1238
1  4.162e-04
1239
1  9.980e-04
1240
1  4.257e-04
1241
1  3.425e-04
1242
1  7.848e-04
1243
1  3.867e-04
1244
1  3.292e-04
1245
1  9.419e-04
1246
1  3.396e-04
1247
1  5.028e-04
1248
1  2.908e-04
1249
1  3.576e-04
1250
1  2.947e-04
1251
1  5.759e-04
1252
1  7.496e-04
1253
1  3.302e-04
1254
1  3.457e-04
1255
1  6.334e-04
1256
1  9.713e-04
1257
1  3.746e-04
1258
1  3.503e-04
1259
1  7.508e-04
1260
1  9.909e-04
1261
1  3.623e-04
1262
1  5.663e-04
1263
1  3.182e-04
1264
1  3.239e-04
1265
1  5.189e-04
1266
1  6.907e-04
1267
1  3.537e-04
1268
1  3.500e-04
1269
1  3.517e-04
1270
1  6.336e-04
1271
1  9.301e-04
1272
1  7.471e-04
1273
1  3.662e-04
1274
1  3.877e-04
1275
1  9.410e-04
1276
1  7.345e-04
1277
1  1.044e-03
1278
1  7.314e-04
1279
1  2.932e-04
1280
1  3.812e-04
1281
1  6.823e-04
1282
1  6.712e-04
1283
1  4.087e-04
1284
1  3.796e-04
1285
1  1.001e-03
1286
1  7.438e-04
1287
1  3.221e-04
1288
1  6.388e-04
1289
1  5.028e-04
1290
1  4.088e-04
1291
1  3.462e-04
1292
1  5.799e-04
1293
1  4.113e-04
1294
1  3.624e-04
1295
1  3.408e-04
1296
1  5.281e-04
1297
1  4.330e-04
1298
1  8.766e-04
1299
1  1.049e-03
1300
1  3.792e-04
1301
1  3.755e-04
1302
1  3.734e-04
1303
1  4.134e-04
1304
1  1.020e-03
1305
1  3.999e-04
1306
1  7.975e-04
1307
1  9.485e-04
1308
1  3.663e-04
1309
1  8.328e-04
1310
1  4.123e-04
1311
1  9.027e-04
1312
1  7.613e-04
1313
1  7.361e-04
1314
1  3.329e-04
1315
1  3.630e-04
1316
1  3.385e-04
1317
1  3.442e-04
1318
1  7.650e-04
1319
1  9.827e-04
1320
1  6.943e-04
1321
1  1.056e-03
1322
1  3.209e-04
1323
1  3.841e-04
1324
1  4.327e-04
1325
1  4.467e-04
1326
1  3.585e-04
1327
1  9.256e-04
1328
1  4.201e-04
1329
1  3.854e-04
1330
1  3.522e-04
1331
1  4.113e-04
1332
1  3.978e-04
1333
1  7.080e-04
1334
1  3.533e-04
1335
1  4.430e-04
1336
1  9.355e-04
1337
1  6.553e-04
1338
1  1.084e-03
1339
1  7.775e-04
1340
1  5.847e-04
1341
1  3.220e-04
1342
1  3.381e-04
1343
1  9.182e-04
1344
1  3.217e-04
1345
1  3.731e-04
1346
1  2.987e-04
1347
1  4.122e-04
1348
1  3.150e-04
1349
1  5.937e-04
1350
1  5.207e-04
1351
1  5.516e-04
1352
1  6.990e-04
1353
1  4.238e-04
1354
1  3.692e-04
1355
1  4.014e-04
1356
1  3.998e-04
1357
1  3.717e-04
1358
1  1.000e-03
1359
1  3.123e-04
1360
1  5.773e-04
1361
1  4.160e-04
1362
1  4.774e-04
1363
1  7.355e-04
1364
1  1.038e-03
1365
1  3.159e-04
1366
1  3.221e-04
1367
1  2.747e-04
1368
1  7.955e-04
1369
1  1.003e-03
1370
1  6.045e-04
1371
1  3.339e-04
1372
1  5.177e-04
1373
1  3.685e-04
1374
1  4.269e-04
1375
1  5.921e-04
1376
1  6.869e-04
1377
1  6.107e-04
1378
1  4.446e-04
1379
1  9.518e-04
1380
1  4.258e-04
1381
1  5.142e-04
1382
1  5.615e-04
1383
1  4.618e-04
1384
1  3.751e-04
1385
1  3.965e-04
1386
1  3.546e-04
1387
1  5.523e-04
1388
1  3.953e-04
1389
1  3.305e-04
1390
1  4.168e-04
1391
1  3.426e-04
1392
1  3.903e-04
1393
1  7.724e-04
1394
1  4.097e-04
1395
1  1.005e-03
1396
1  5.604e-04
1397
1  7.458e-04
1398
1  7.440e-04
1399
1  6.068e-04
1400
1  3.820e-04
1401
1  3.810e-04
1402
1  6.505e-04
1403
1  5.996e-04
1404
1  3.121e-04
1405
1  9.603e-04
1406
1  3.047e-04
1407
1  3.614e-04
1408
1  1.053e-03
1409
1  6.913e-04
1410
1  9.155e-04
1411
1  7.742e-04
1412
1  3.789e-04
1413
1  3.112e-04
1414
1  3.284e-04
1415
1  3.942e-04
1416
1  3.829e-04
1417
1  1.031e-03
1418
1  7.121e-04
1419
1  7.554e-04
1420
1  1.018e-03
1421
1  9.795e-04
1422
1  9.480e-04
1423
1  7.145e-04
1424
1  6.124e-04
1425
1  3.917e-04
1426
1  3.456e-04
1427
1  3.625e-04
1428
1  4.299e-04
1429
1  9.852e-04
1430
1  3.754e-04
1431
1  6.949e-04
1432
1  3.753e-04
1433
1  3.971e-04
1434
1  1.027e-03
1435
1  7.593e-04
1436
1  5.422e-04
1437
1  3.651e-04
1438
1  3.533e-04
1439
1  3.968e-04
1440
1  4.067e-04
1441
1  9.357e-04
1442
1  3.923e-04
1443
1  7.757e-04
1444
1  6.151e-04
1445
1  5.480e-04
1446
1  3.676e-04
1447
1  9.373e-04
1448
1  3.051e-04
1449
1  5.321e-04
1450
1  4.694e-04
1451
1  5.936e-04
1452
1  6.648e-04
1453
1  3.844e-04
1454
1  1.012e-03
1455
1  7.478e-04
1456
1  4.422e-04
1457
1  1.078e-03
1458
1  4.028e-04
1459
1  3.562e-04
1460
1  6.139e-04
1461
1  6.445e-04
1462
1  6.865e-04
1463
1  9.813e-04
1464
1  4.588e-04
1465
1  3.704e-04
1466
1  3.923e-04
1467
1  3.342e-04
1468
1  9.395e-04
1469
1  7.707e-04
1470
1  9.800e-04
1471
1  3.739e-04
1472
1  3.706e-04
1473
1  3.546e-04
1474
1  3.693e-04
1475
1  4.983e-04
1476
1  7.391e-04
1477
1  1.010e-03
1478
1  5.862e-04
1479
1  7.609e-04
1480
1  9.318e-04
1481
1  3.752e-04
1482
1  8.238e-04
1483
1  9.512e-04
1484
1  7.369e-04
1485
1  6.661e-04
1486
1  2.693e-04
1487
1  3.510e-04
1488
1  3.391e-04
1489
1  6.174e-04
1490
1  3.394e-04
1491
1  5.827e-04
1492
1  4.289e-04
1493
1  1.018e-03
1494
1  6.234e-04
1495
1  6.944e-04
1496
1  9.683e-04
1497
1  6.316e-04
1498
1  4.560e-04
1499
1  5.832e-04
1500
1  3.200e-04
1501
1  3.805e-04
1502
1  3.601e-04
1503
1  3.103e-04
1504
1  3.764e-04
1505
1  5.479e-04
1506
1  5.398e-04
1507
1  4.013e-04
1508
1  3.113e-04
1509
1  5.701e-04
1510
1  5.582e-04
1511
1  3.610e-04
1512
1  5.179e-04
1513
1  4.684e-04
1514
1  3.116e-04
1515
1  7.414e-04
1516
1  1.024e-03
1517
1  3.775e-04
1518
1  5.700e-04
1519
1  3.391e-04
1520
1  3.986e-04
1521
1  5.354e-04
1522
1  6.831e-04
1523
1  9.796e-04
1524
1  6.750e-04
1525
1  7.522e-04
1526
1  3.957e-04
1527
1  3.875e-04
1528
1  3.287e-04
1529
1  3.465e-04
1530
1  5.700e-04
1531
1  3.163e-04
1532
1  1.003e-03
1533
1  9.583e-04
1534
1  5.090e-04
1535
1  3.545e-04
1536
1  3.493e-04
1537
1  6.046e-04
1538
1  5.685e-04
1539
1  6.154e-04
1540
1  3.457e-04
1541
1  5.906e-04
1542
1  2.602e-04
1543
1  3.660e-04
1544
1  3.820e-04
1545
1  9.295e-04
1546
1  3.663e-04
1547
1  4.676e-04
1548
1  1.048e-03
1549
1  4.747e-04
1550
1  7.314e-04
1551
1  3.620e-04
1552
1  1.033e-03
1553
1  6.258e-04
1554
1  4.005e-04
1555
1  5.652e-04
1556
1  3.225e-04
1557
1  6.361e-04
1558
1  7.217e-04
1559
1  3.981e-04
1560
1  6.011e-04
1561
1  5.106e-04
1562
1  9.624e-04
1563
1  3.548e-04
1564
1  3.513e-04
1565
1  5.331e-04
1566
1  5.348e-04
1567
1  7.702e-04
1568
1  3.822e-04
1569
1  3.737e-04
1570
1  4.247e-04
1571
1  2.831e-04
1572
1  5.445e-04
1573
1  3.754e-04
1574
1  9.076e-04
1575
1  5.541e-04
1576
1  6.285e-04
1577
1  3.635e-04
1578
1  6.421e-04
1579
1  6.469e-04
1580
1  5.459e-04
1581
1  3.436e-04
1582
1  9.158e-04
1583
1  4.126e-04
1584
1  6.727e-04
1585
1  9.268e-04
1586
1  9.644e-04
1587
1  3.583e-04
1588
1  3.277e-04
1589
1  2.873e-04
1590
1  4.252e-04
1591
1  5.393e-04
1592
1  3.243e-04
1593
1  5.559e-04
1594
1  3.860e-04
1595
1  2.766e-04
1596
1  6.622e-04
1597
1  1.030e-03
1598
1  3.274e-04
1599
1  3.369e-04
1600
1  7.594e-04
1601
1  3.248e-04
1602
1  6.696e-04
1603
1  5.265e-04
1604
1  3.525e-04
1605
1  3.547e-04
1606
1  9.687e-04
1607
1  5.120e-04
1608
1  3.445e-04
1609
1  3.726e-04
1610
1  3.664e-04
1611
1  3.824e-04
1612
1  3.600e-04
1613
1  9.677e-04
1614
1  3.886e-04
1615
1  3.833e-04
1616
1  5.485e-04
1617
1  4.466e-04
1618
1  3.508e-04
1619
1  5.848e-04
1620
1  4.936e-04
1621
1  5.270e-04
1622
1  4.142e-04
1623
1  4.191e-04
1624
1  4.035e-04
1625
1  7.797e-04
1626
1  9.623e-04
1627
1  7.540e-04
1628
1  5.849e-04
1629
1  3.336e-04
1630
1  3.153e-04
1631
1  3.289e-04
1632
1  4.125e-04
1633
1  4.698e-04
1634
1  6.621e-04
1635
1  9.404e-04
1636
1  6.130e-04
1637
1  3.786e-04
1638
1  6.347e-04
1639
1  4.162e-04
1640
1  7.461e-04
1641
1  2.870e-04
1642
1  6.460e-04
1643
1  7.380e-04
1644
1  9.332e-04
1645
1  1.064e-03
1646
1  3.371e-04
1647
1  8.140e-04
1648
1  7.743e-04
1649
1  3.980e-04
1650
1  3.752e-04
1651
1  3.789e-04
1652
1  6.558e-04
1653
1  3.123e-04
1654
1  6.909e-04
1655
1  4.280e-04
1656
1  1.015e-03
1657
1  3.166e-04
1658
1  5.251e-04
1659
1  6.473e-04
1660
1  1.041e-03
1661
1  5.523e-04
1662
1  3.407e-04
1663
1  9.534e-04
1664
1  3.460e-04
1665
1  3.990e-04
1666
1  8.583e-04
1667
1  5.376e-04
1668
1  4.397e-04
1669
1  3.853e-04
1670
1  3.956e-04
1671
1  9.599e-04
1672
1  8.211e-04
1673
1  4.040e-04
1674
1  7.177e-04
1675
1  3.234e-04
1676
1  3.185e-04
1677
1  7.350e-04
1678
1  3.245e-04
1679
1  4.038e-04
1680
1  3.195e-04
1681
1  4.701e-04
1682
1  6.828e-04
1683
1  3.872e-04
1684
1  3.525e-04
1685
1  3.540e-04
1686
1  4.181e-04
1687
1  3.840e-04
1688
1  9.423e-04
1689
1  3.865e-04
1690
1  2.867e-04
1691
1  3.894e-04
1692
1  7.170e-04
1693
1  3.365e-04
1694
1  3.379e-04
1695
1  3.501e-04
1696
1  1.022e-03
1697
1  6.934e-04
1698
1  3.335e-04
1699
1  6.556e-04
1700
1  7.763e-04
1701
1  9.757e-04
1702
1  1.034e-03
1703
1  1.004e-03
1704
1  6.904e-04
1705
1  3.923e-04
1706
1  4.292e-04
1707
1  8.969e-04
1708
1  1.038e-03
1709
1  3.827e-04
1710
1  6.183e-04
1711
1  3.643e-04
1712
1  8.921e-04
1713
1  5.796e-04
1714
1  7.019e-04
1715
1  3.465e-04
1716
1  3.445e-04
1717
1  3.840e-04
1718
1  3.410e-04
1719
1  6.553e-04
1720
1  4.146e-04
1721
1  3.831e-04
1722
1  5.398e-04
1723
1  6.904e-04
1724
1  9.229e-04
1725
1  6.053e-04
1726
1  3.676e-04
1727
1  5.242e-04
1728
1  4.627e-04
1729
1  6.101e-04
1730
1  3.793e-04
1731
1  3.614e-04
1732
1  4.084e-04
1733
1  2.939e-04
1734
1  5.519e-04
1735
1  4.369e-04
1736
1  9.555e-04
1737
1  3.579e-04
1738
1  5.301e-04
1739
1  2.979e-04
1740
1  3.824e-04
1741
1  3.305e-04
1742
1  3.722e-04
1743
1  3.607e-04
1744
1  5.655e-04
1745
1  3.645e-04
1746
1  4.128e-04
1747
1  3.691e-04
1748
1  7.288e-04
1749
1  9.614e-04
1750
1  3.884e-04
1751
1  3.296e-04
1752
1  6.862e-04
1753
1  5.674e-04
1754
1  6.436e-04
1755
1  4.399e-04
1756
1  8.287e-04
1757
1  3.451e-04
1758
1  4.039e-04
1759
1  4.457e-04
1760
1  1.022e-03
1761
1  2.883e-04
1762
1  1.011e-03
1763
1  8.989e-04
1764
1  6.808e-04
1765
1  7.343e-04
1766
1  9.655e-04
1767
1  7.005e-04
1768
1  9.960e-04
1769
1  1.002e-03
1770
1  3.423e-04
1771
1  3.441e-04
1772
1  5.837e-04
1773
1  3.108e-04
1774
1  6.532e-04
1775
1  6.399e-04
1776
1  3.399e-04
1777
1  7.207e-04
1778
1  4.301e-04
1779
1  3.658e-04
1780
1  4.000e-04
1781
1  5.942e-04
1782
1  8.932e-04
1783
1  1.092e-03
1784
1  2.905e-04
1785
1  4.308e-04
1786
1  5.829e-04
1787
1  6.094e-04
1788
1  7.335e-04
1789
1  4.128e-04
1790
1  3.986e-04
1791
1  9.367e-04
1792
1  3.922e-04
1793
1  4.197e-04
1794
1  3.027e-04
1795
1  5.694e-04
1796
1  4.023e-04
1797
1  3.171e-04
1798
1  3.419e-04
1799
1  6.973e-04
1800
1  4.434e-04
1801
1  1.056e-03
1802
1  3.873e-04
1803
1  3.601e-04
1804
1  9.664e-04
1805
1  3.186e-04
1806
1  6.197e-04
1807
1  3.342e-04
1808
1  3.879e-04
1809
1  3.097e-04
1810
1  3.520e-04
1811
1  3.088e-04
1812
1  7.055e-04
1813
1  6.626e-04
1814
1  5.915e-04
1815
1  3.557e-04
1816
1  3.438e-04
1817
1  8.999e-04
1818
1  3.314e-04
1819
1  3.444e-04
1820
1  2.921e-04
1821
1  9.672e-04
1822
1  3.502e-04
1823
1  3.252e-04
1824
1  7.643e-04
1825
1  9.077e-04
1826
1  7.881e-04
1827
1  6.934e-04
1828
1  9.685e-04
1829
1  7.230e-04
1830
1  9.456e-04
1831
1  3.557e-04
1832
1  3.469e-04
1833
1  5.524e-04
1834
1  6.769e-04
1835
1  9.928e-04
1836
1  5.113e-04
1837
1  3.227e-04
1838
1  6.535e-04
1839
1  7.351e-04
1840
1  9.875e-04
1841
1  3.921e-04
1842
1  6.903e-04
1843
1  3.582e-04
1844
1  5.572e-04
1845
1  9.369e-04
1846
1  9.638e-04
1847
1  6.165e-04
1848
1  3.692e-04
1849
1  3.918e-04
1850
1  3.979e-04
1851
1  3.218e-04
1852
1  6.144e-04
1853
1  3.209e-04
1854
1  3.423e-04
1855
1  6.898e-04
1856
1  7.333e-04
1857
1  4.113e-04
1858
1  3.317e-04
1859
1  3.335e-04
1860
1  3.815e-04
1861
1  3.918e-04
1862
1  3.362e-04
1863
1  3.877e-04
1864
1  3.730e-04
1865
1  3.795e-04
1866
1  3.598e-04
1867
1  7.985e-04
1868
1  5.948e-04
1869
1  3.797e-04
1870
1  1.006e-03
1871
1  2.962e-04
1872
1  3.317e-04
1873
1  1.007e-03
1874
1  3.217e-04
1875
1  3.349e-04
1876
1  9.691e-04
1877
1  4.171e-04
1878
1  4.171e-04
1879
1  5.736e-04
1880
1  9.695e-04
1881
1  3.728e-04
1882
1  7.767e-04
1883
1  3.200e-04
1884
1  3.405e-04
1885
1  3.819e-04
1886
1  3.708e-04
1887
1  6.025e-04
1888
1  8.680e-04
1889
1  3.346e-04
1890
1  5.939e-04
1891
1  3.503e-04
1892
1  3.603e-04
1893
1  8.695e-04
1894
1  4.012e-04
1895
1  2.837e-04
1896
1  3.623e-04
1897
1  3.710e-04
1898
1  7.673e-04
1899
1  5.807e-04
1900
1  5.516e-04
1901
1  5.768e-04
1902
1  9.661e-04
1903
1  7.516e-04
1904
1  5.502e-04
1905
1  6.939e-04
1906
1  9.890e-04
1907
1  3.191e-04
1908
1  4.247e-04
1909
1  9.507e-04
1910
1  7.193e-04
1911
1  3.529e-04
1912
1  1.064e-03
1913
1  3.488e-04
1914
1  3.284e-04
1915
1  4.483e-04
1916
1  7.390e-04
1917
1  1.053e-03
1918
1  2.863e-04
1919
1  3.205e-04
1920
1  3.778e-04
1921
1  7.323e-04
1922
1  3.625e-04
1923
1  3.373e-04
1924
1  2.892e-04
1925
1  3.681e-04
1926
1  3.688e-04
1927
1  3.815e-04
1928
1  3.098e-04
1929
1  9.752e-04
1930
1  5.381e-04
1931
1  2.620e-04
1932
1  3.744e-04
1933
1  7.228e-04
1934
1  7.444e-04
1935
1  7.614e-04
1936
1  9.424e-04
1937
1  4.151e-04
1938
1  9.257e-04
1939
1  7.744e-04
1940
1  3.845e-04
1941
1  6.152e-04
1942
1  9.376e-04
1943
1  3.615e-04
1944
1  7.251e-04
1945
1  9.852e-04
1946
1  3.430e-04
1947
1  3.779e-04
1948
1  8.991e-04
1949
1  5.117e-04
1950
1  6.901e-04
1951
1  3.651e-04
1952
1  1.021e-03
1953
1  8.117e-04
1954
1  6.232e-04
1955
1  6.714e-04
1956
1  3.727e-04
1957
1  1.041e-03
1958
1  3.485e-04
1959
1  3.969e-04
1960
1  3.537e-04
1961
1  3.363e-04
1962
1  9.958e-04
1963
1  3.495e-04
1964
1  4.400e-04
1965
1  6.941e-04
1966
1  3.592e-04
1967
1  9.980e-04
1968
1  4.002e-04
1969
1  7.581e-04
1970
1  9.380e-04
1971
1  3.218e-04
1972
1  3.096e-04
1973
1  3.616e-04
1974
1  3.875e-04
1975
1  3.836e-04
1976
1  7.930e-04
1977
1  3.912e-04
1978
1  4.076e-04
1979
1  3.753e-04
1980
1  7.486e-04
1981
1  3.977e-04
1982
1  3.775e-04
1983
1  3.234e-04
1984
1  4.186e-04
1985
1  9.220e-04
1986
1  5.587e-04
1987
1  3.624e-04
1988
1  4.432e-04
1989
1  7.133e-04
1990
1  3.548e-04
1991
1  1.008e-03
1992
1  3.900e-04
1993
1  3.881e-04
1994
1  1.009e-03
1995
1  7.779e-04
1996
1  9.404e-04
1997
1  8.160e-04
1998
1  9.842e-04
1999
1  5.829e-04
2000
1  7.253e-04
2001
1  7.395e-04
2002
1  1.026e-03
2003
1  4.082e-04
2004
1  5.818e-04
2005
1  3.650e-04
2006
1  3.735e-04
2007
1  6.694e-04
2008
1  3.566e-04
2009
1  3.770e-04
2010
1  3.891e-04
2011
1  3.706e-04
2012
1  3.606e-04
2013
1  5.561e-04
2014
1  6.625e-04
2015
1  1.024e-03
2016
1  3.713e-04
2017
1  4.129e-04
2018
1  3.396e-04
2019
1  3.915e-04
2020
1  5.730e-04
2021
1  5.790e-04
2022
1  4.076e-04
2023
1  9.552e-04
2024
1  3.903e-04
2025
1  4.089e-04
2026
1  3.551e-04
2027
1  3.381e-04
2028
1  3.375e-04
2029
1  1.000e-03
2030
1  3.427e-04
2031
1  3.319e-04
2032
1  2.978e-04
2033
1  7.301e-04
2034
1  3.371e-04
2035
1  3.626e-04
2036
1  3.994e-04
2037
1  3.108e-04
2038
1  3.834e-04
2039
1  6.582e-04
2040
1  1.008e-03
2041
1  6.058e-04
2042
1  3.948e-04
2043
1  6.778e-04
2044
1  9.325e-04
2045
1  5.548e-04
2046
1  2.920e-04
2047
1  6.738e-04
2048
1  9.746e-04
2049
1  5.384e-04
2050
1  7.375e-04
2051
1  9.523e-04
2052
1  5.436e-04
2053
1  3.530e-04
2054
1  3.609e-04
2055
1  3.540e-04
2056
1  7.292e-04
2057
1  5.178e-04
2058
1  5.848e-04
2059
1  4.373e-04
2060
1  6.048e-04
2061
1  9.731e-04
2062
1  3.759e-04
2063
1  1.012e-03
2064
1  3.023e-04
2065
1  3.542e-04
2066
1  3.264e-04
2067
1  4.553e-04
2068
1  5.499e-04
2069
1  3.928e-04
2070
1  3.233e-04
2071
1  3.166e-04
2072
1  3.520e-04
2073
1  7.307e-04
2074
1  4.028e-04
2075
1  6.991e-04
2076
1  3.015e-04
2077
1  4.175e-04
2078
1  1.012e-03
2079
1  1.088e-03
2080
1  5.331e-04
2081
1  7.296e-04
2082
1  4.255e-04
2083
1  9.603e-04
2084
1  4.194e-04
2085
1  6.045e-04
2086
1  3.329e-04
2087
1  7.581e-04
2088
1  3.199e-04
2089
1  7.319e-04
2090
1  3.953e-04
2091
1  1.022e-03
2092
1  9.901e-04
2093
1  2.837e-04
2094
1  5.797e-04
2095
1  4.851e-04
2096
1  5.521e-04
2097
1  3.482e-04
2098
1  5.715e-04
2099
1  6.722e-04
2100
1  4.011e-04
2101
1  9.873e-04
2102
1  3.310e-04
2103
1  3.890e-04
2104
1  3.508e-04
2105
1  4.973e-04
2106
1  4.955e-04
2107
1  7.550e-04
2108
1  7.675e-04
2109
1  1.037e-03
2110
1  9.362e-04
2111
1  3.882e-04
2112
1  7.457e-04
2113
1  7.453e-04
2114
1  3.774e-04
2115
1  3.063e-04
2116
1  2.819e-04
2117
1  9.325e-04
2118
1  5.667e-04
2119
1  4.944e-04
2120
1  1.003e-03
2121
1  2.928e-04
2122
1  3.851e-04
2123
1  8.035e-04
2124
1  1.058e-03
2125
1  3.258e-04
2126
1  5.800e-04
2127
1  3.524e-04
2128
1  7.096e-04
2129
1  5.223e-04
2130
1  3.678e-04
2131
1  9.282e-04
2132
1  8.379e-04
2133
1  3.481e-04
2134
1  3.752e-04
2135
1  6.873e-04
2136
1  3.632e-04
2137
1  3.310e-04
2138
1  4.298e-04
2139
1  9.440e-04
2140
1  3.406e-04
2141
1  1.057e-03
2142
1  3.489e-04
2143
1  3.690e-04
2144
1  7.874e-04
2145
1  3.477e-04
2146
1  3.733e-04
2147
1  3.442e-04
2148
1  9.642e-04
2149
1  5.985e-04
2150
1  7.897e-04
2151
1  4.047e-04
2152
1  4.141e-04
2153
1  3.512e-04
2154
1  4.247e-04
2155
1  4.135e-04
2156
1  3.760e-04
2157
1  3.507e-04
2158
1  7.528e-04
2159
1  9.700e-04
2160
1  6.056e-04
2161
1  3.481e-04
2162
1  6.301e-04
2163
1  3.648e-04
2164
1  4.213e-04
2165
1  3.350e-04
2166
1  2.735e-04
2167
1  9.769e-04
2168
1  4.275e-04
2169
1  3.865e-04
2170
1  3.947e-04
2171
1  3.590e-04
2172
1  4.770e-04
2173
1  6.930e-04
2174
1  3.645e-04
2175
1  3.573e-04
2176
1  3.417e-04
2177
1  3.959e-04
2178
1  3.747e-04
2179
1  7.169e-04
2180
1  3.457e-04
2181
1  4.239e-04
2182
1  3.546e-04
2183
1  4.060e-04
2184
1  5.409e-04
2185
1  4.592e-04
2186
1  3.957e-04
2187
1  6.948e-04
2188
1  3.066e-04
2189
1  4.732e-04
2190
1  9.700e-04
2191
1  6.091e-04
2192
1  3.283e-04
2193
1  3.162e-04
2194
1  6.199e-04
2195
1  9.099e-04
2196
1  9.371e-04
2197
1  4.176e-04
2198
1  5.569e-04
2199
1  3.915e-04
2200
1  3.089e-04
2201
1  7.338e-04
2202
1  3.569e-04
2203
1  8.029e-04
2204
1  3.480e-04
2205
1  3.516e-04
2206
1  3.750e-04
2207
1  9.160e-04
2208
1  7.435e-04
2209
1  5.326e-04
2210
1  3.098e-04
2211
1  8.843e-04
2212
1  4.214e-04
2213
1  9.745e-04
2214
1  3.876e-04
2215
1  6.769e-04
2216
1  9.337e-04
2217
1  7.533e-04
2218
1  1.040e-03
2219
1  7.305e-04
2220
1  5.309e-04
2221
1  9.908e-04
2222
1  8.482e-04
2223
1  1.031e-03
2224
1  7.375e-04
2225
1  3.977e-04
2226
1  5.550e-04
2227
1  3.846e-04
2228
1  3.844e-04
2229
1  1.026e-03
2230
1  2.812e-04
2231
1  2.689e-04
2232
1  7.922e-04
2233
1  8.019e-04
2234
1  2.798e-04
2235
1  3.759e-04
2236
1  3.481e-04
2237
1  3.224e-04
2238
1  3.597e-04
2239
1  3.603e-04
2240
1  7.791e-04
2241
1  1.041e-03
2242
1  9.510e-04
2243
1  3.775e-04
2244
1  1.019e-03
2245
1  3.188e-04
2246
1  7.877e-04
2247
1  4.142e-04
2248
1  6.518e-04
2249
1  3.553e-04
2250
1  9.875e-04
2251
1  1.015e-03
2252
1  3.669e-04
2253
1  6.293e-04
2254
1  7.171e-04
2255
1  6.650e-04
2256
1  4.153e-04
2257
1  3.795e-04
2258
1  7.479e-04
2259
1  6.449e-04
2260
1  2.904e-04
2261
1  4.346e-04
2262
1  3.805e-04
2263
1  4.045e-04
2264
1  5.250e-04
2265
1  3.067e-04
2266
1  3.485e-04
2267
1  5.191e-04
2268
1  6.690e-04
2269
1  3.196e-04
2270
1  3.574e-04
2271
1  3.795e-04
2272
1  2.914e-04
2273
1  4.236e-04
2274
1  3.419e-04
2275
1  9.226e-04
2276
1  7.270e-04
2277
1  3.881e-04
2278
1  3.689e-04
2279
1  3.817e-04
2280
1  9.395e-04
2281
1  3.605e-04
2282
1  7.118e-04
2283
1  1.059e-03
2284
1  7.937e-04
2285
1  3.974e-04
2286
1  3.993e-04
2287
1  4.383e-04
2288
1  3.678e-04
2289
1  5.625e-04
2290
1  9.584e-04
2291
1  7.213e-04
2292
1  3.494e-04
2293
1  2.721e-04
2294
1  5.911e-04
2295
1  6.749e-04
2296
1  1.039e-03
2297
1  4.222e-04
2298
1  7.674e-04
2299
1  1.011e-03
2300
1  9.898e-04
2301
1  3.706e-04
2302
1  3.470e-04
2303
1  3.770e-04
2304
1  7.658e-04
2305
1  3.442e-04
2306
1  7.185e-04
2307
1  9.893e-04
2308
1  6.531e-04
2309
1  9.228e-04
2310
1  3.193e-04
2311
1  6.852e-04
2312
1  5.291e-04
2313
1  3.322e-04
2314
1  9.522e-04
2315
1  9.947e-04
2316
1  3.777e-04
2317
1  6.408e-04
2318
1  9.029e-04
2319
1  3.979e-04
2320
1  9.866e-04
2321
1  7.867e-04
2322
1  1.013e-03
2323
1  7.976e-04
2324
1  1.009e-03
2325
1  7.524e-04
2326
1  3.891e-04
2327
1  3.672e-04
2328
1  5.946e-04
2329
1  9.611e-04
2330
1  7.249e-04
2331
1  5.376e-04
2332
1  3.387e-04
2333
1  3.774e-04
2334
1  5.049e-04
2335
1  1.005e-03
2336
1  8.014e-04
2337
1  6.324e-04
2338
1  9.289e-04
2339
1  5.592e-04
2340
1  6.931e-04
2341
1  1.074e-03
2342
1  5.328e-04
2343
1  3.749e-04
2344
1  4.868e-04
2345
1  4.879e-04
2346
1  3.943e-04
2347
1  3.810e-04
2348
1  3.594e-04
2349
1  3.704e-04
2350
1  4.301e-04
2351
1  4.940e-04
2352
1  5.333e-04
2353
1  4.070e-04
2354
1  6.877e-04
2355
1  3.125e-04
2356
1  7.589e-04
2357
1  3.335e-04
2358
1  9.550e-04
2359
1  1.010e-03
2360
1  4.423e-04
2361
1  3.647e-04
2362
1  6.301e-04
2363
1  4.522e-04
2364
1  3.772e-04
2365
1  5.305e-04
2366
1  4.208e-04
2367
1  7.088e-04
2368
1  3.389e-04
2369
1  4.051e-04
2370
1  7.471e-04
2371
1  3.610e-04
2372
1  5.447e-04
2373
1  9.494e-04
2374
1  9.793e-04
2375
1  3.599e-04
2376
1  3.755e-04
2377
1  3.102e-04
2378
1  3.506e-04
2379
1  7.472e-04
2380
1  1.004e-03
2381
1  4.929e-04
2382
1  4.820e-04
2383
1  3.815e-04
2384
1  3.616e-04
2385
1  3.415e-04
2386
1  3.430e-04
2387
1  7.733e-04
2388
1  1.016e-03
2389
1  3.298e-04
2390
1  5.122e-04
2391
1  4.895e-04
2392
1  7.046e-04
2393
1  1.057e-03
2394
1  6.676e-04
2395
1  1.030e-03
2396
1  7.337e-04
2397
1  3.920e-04
2398
1  3.785e-04
2399
1  1.028e-03
2400
1  5.791e-04
2401
1  6.267e-04
2402
1  4.516e-04
2403
1  4.010e-04
2404
1  4.115e-04
2405
1  3.635e-04
2406
1  4.323e-04
2407
1  6.956e-04
2408
1  7.125e-04
2409
1  5.947e-04
2410
1  4.848e-04
2411
1  7.395e-04
2412
1  3.583e-04
2413
1  7.811e-04
2414
1  4.126e-04
2415
1  1.020e-03
2416
1  7.407e-04
2417
1  4.872e-04
2418
1  9.668e-04
2419
1  4.086e-04
2420
1  3.811e-04
2421
1  9.436e-04
2422
1  3.763e-04
2423
1  3.131e-04
2424
1  9.576e-04
2425
1  5.506e-04
2426
1  3.525e-04
2427
1  4.301e-04
2428
1  3.668e-04
2429
1  9.291e-04
2430
1  4.640e-04
2431
1  6.906e-04
2432
1  9.270e-04
2433
1  6.613e-04
2434
1  9.197e-04
2435
1  4.063e-04
2436
1  7.344e-04
2437
1  7.486e-04
2438
1  3.005e-04
2439
1  5.434e-04
2440
1  3.460e-04
2441
1  5.219e-04
2442
1  9.239e-04
2443
1  2.945e-04
2444
1  9.712e-04
2445
1  5.933e-04
2446
1  6.479e-04
2447
1  6.187e-04
2448
1  1.039e-03
2449
1  6.027e-04
2450
1  5.316e-04
2451
1  7.543e-04
2452
1  6.138e-04
2453
1  3.501e-04
2454
1  3.973e-04
2455
1  5.369e-04
2456
1  4.464e-04
2457
1  6.939e-04
2458
1  3.819e-04
2459
1  9.259e-04
2460
1  9.906e-04
2461
1  6.684e-04
2462
1  3.848e-04
2463
1  5.459e-04
2464
1  4.699e-04
2465
1  1.021e-03
2466
1  4.087e-04
2467
1  5.461e-04
2468
1  3.429e-04
2469
1  3.239e-04
2470
1  6.735e-04
2471
1  8.216e-04
2472
1  3.262e-04
2473
1  4.078e-04
2474
1  3.270e-04
2475
1  4.701e-04
2476
1  9.514e-04
2477
1  3.471e-04
2478
1  3.833e-04
2479
1  6.214e-04
2480
1  3.286e-04
2481
1  3.053e-04
2482
1  3.731e-04
2483
1  3.885e-04
2484
1  3.579e-04
2485
1  3.456e-04
2486
1  3.715e-04
2487
1  9.389e-04
2488
1  7.110e-04
2489
1  4.427e-04
2490
1  1.051e-03
2491
1  2.984e-04
2492
1  3.631e-04
2493
1  3.467e-04
2494
1  2.884e-04
2495
1  3.807e-04
2496
1  3.897e-04
2497
1  5.347e-04
2498
1  4.781e-04
2499
1  5.628e-04
2500
1  3.646e-04
2501
1  7.564e-04
2502
1  7.664e-04
2503
1  3.297e-04
2504
1  9.403e-04
2505
1  3.689e-04
2506
1  8.403e-04
2507
1  2.868e-04
2508
1  4.100e-04
2509
1  5.494e-04
2510
1  6.596e-04
2511
1  3.539e-04
2512
1  1.015e-03
2513
1  5.691e-04
2514
1  4.093e-04
2515
1  6.877e-04
2516
1  4.219e-04
2517
1  7.050e-04
2518
1  9.736e-04
2519
1  9.925e-04
2520
1  2.757e-04
2521
1  9.650e-04
2522
1  3.334e-04
2523
1  3.610e-04
2524
1  9.700e-04
2525
1  8.642e-04
2526
1  3.491e-04
2527
1  7.152e-04
2528
1  4.160e-04
2529
1  3.109e-04
2530
1  3.737e-04
2531
1  6.346e-04
2532
1  4.389e-04
2533
1  6.485e-04
2534
1  7.699e-04
2535
1  7.691e-04
2536
1  3.419e-04
2537
1  1.061e-03
2538
1  3.309e-04
2539
1  8.153e-04
2540
1  5.506e-04
2541
1  9.798e-04
2542
1  4.228e-04
2543
1  4.559e-04
2544
1  6.696e-04
2545
1  7.343e-04
2546
1  5.608e-04
2547
1  7.421e-04
2548
1  1.027e-03
2549
1  9.193e-04
2550
1  3.649e-04
2551
1  3.632e-04
2552
1  5.955e-04
2553
1  3.350e-04
2554
1  2.786e-04
2555
1  2.917e-04
2556
1  1.007e-03
2557
1  5.549e-04
2558
1  5.357e-04
2559
1  3.606e-04
2560
1  3.759e-04
2561
1  3.859e-04
2562
1  9.170e-04
2563
1  6.658e-04
2564
1  3.180e-04
2565
1  3.680e-04
2566
1  7.774e-04
2567
1  3.932e-04
2568
1  1.064e-03
2569
1  4.007e-04
2570
1  9.684e-04
2571
1  3.308e-04
2572
1  5.267e-04
2573
1  4.049e-04
2574
1  1.011e-03
2575
1  4.399e-04
2576
1  3.497e-04
2577
1  3.755e-04
2578
1  1.013e-03
2579
1  4.810e-04
2580
1  4.022e-04
2581
1  3.683e-04
2582
1  8.086e-04
2583
1  4.696e-04
2584
1  6.766e-04
2585
1  7.837e-04
2586
1  3.781e-04
2587
1  9.623e-04
2588
1  3.008e-04
2589
1  3.665e-04
2590
1  1.019e-03
2591
1  4.256e-04
2592
1  3.132e-04
2593
1  3.679e-04
2594
1  3.543e-04
2595
1  3.319e-04
2596
1  7.937e-04
2597
1  9.312e-04
2598
1  9.654e-04
2599
1  3.228e-04
2600
1  3.649e-04
2601
1  4.130e-04
2602
1  6.395e-04
2603
1  7.738e-04
2604
1  8.205e-04
2605
1  9.936e-04
2606
1  5.654e-04
2607
1  3.850e-04
2608
1  3.722e-04
2609
1  5.953e-04
2610
1  3.422e-04
2611
1  4.185e-04
2612
1  9.502e-04
2613
1  6.091e-04
2614
1  8.541e-04
2615
1  1.019e-03
2616
1  6.656e-04
2617
1  3.595e-04
2618
1  3.378e-04
2619
1  6.784e-04
2620
1  3.975e-04
2621
1  9.776e-04
2622
1  4.021e-04
2623
1  3.054e-04
2624
1  5.906e-04
2625
1  3.788e-04
2626
1  6.795e-04
2627
1  6.484e-04
2628
1  3.408e-04
2629
1  5.647e-04
2630
1  4.109e-04
2631
1  4.775e-04
2632
1  7.238e-04
2633
1  1.007e-03
2634
1  3.110e-04
2635
1  9.826e-04
2636
1  6.235e-04
2637
1  5.226e-04
2638
1  3.718e-04
2639
1  3.504e-04
2640
1  6.900e-04
2641
1  1.050e-03
2642
1  3.545e-04
2643
1  7.236e-04
2644
1  9.098e-04
2645
1  3.966e-04
2646
1  6.027e-04
2647
1  3.813e-04
2648
1  7.590e-04
2649
1  3.523e-04
2650
1  3.612e-04
2651
1  1.003e-03
2652
1  3.434e-04
2653
1  5.629e-04
2654
1  5.069e-04
2655
1  4.297e-04
2656
1  7.277e-04
2657
1  4.877e-04
2658
1  6.531e-04
2659
1  3.267e-04
2660
1  3.881e-04
2661
1  3.591e-04
2662
1  7.278e-04
2663
1  1.056e-03
2664
1  3.495e-04
2665
1  8.634e-04
2666
1  3.029e-04
2667
1  5.891e-04
2668
1  3.733e-04
2669
1  6.267e-04
2670
1  5.356e-04
2671
1  9.267e-04
2672
1  3.687e-04
2673
1  5.425e-04
2674
1  9.897e-04
2675
1  4.291e-04
2676
1  3.688e-04
2677
1  5.267e-04
2678
1  6.956e-04
2679
1  8.125e-04
2680
1  9.940e-04
2681
1  9.449e-04
2682
1  7.247e-04
2683
1  3.123e-04
2684
1  3.851e-04
2685
1  9.606e-04
2686
1  3.679e-04
2687
1  6.769e-04
2688
1  5.525e-04
2689
1  3.615e-04
2690
1  3.712e-04
2691
1  8.991e-04
2692
1  3.234e-04
2693
1  3.306e-04
2694
1  4.129e-04
2695
1  7.415e-04
2696
1  3.310e-04
2697
1  7.394e-04
2698
1  3.121e-04
2699
1  4.525e-04
2700
1  9.884e-04
2701
1  9.668e-04
2702
1  7.167e-04
2703
1  3.784e-04
2704
1  5.795e-04
2705
1  6.941e-04
2706
1  4.115e-04
2707
1  6.418e-04
2708
1  4.342e-04
2709
1  3.300e-04
2710
1  9.603e-04
2711
1  3.816e-04
2712
1  9.629e-04
2713
1  7.324e-04
2714
1  8.982e-04
2715
1  7.741e-04
2716
1  5.297e-04
2717
1  4.168e-04
2718
1  9.128e-04
2719
1  5.630e-04
2720
1  4.134e-04
2721
1  3.419e-04
2722
1  3.314e-04
2723
1  7.430e-04
2724
1  1.006e-03
2725
1  5.620e-04
2726
1  4.432e-04
2727
1  5.495e-04
2728
1  4.181e-04
2729
1  5.605e-04
2730
1  5.006e-04
2731
1  3.886e-04
2732
1  3.396e-04
2733
1  3.713e-04
2734
1  3.582e-04
2735
1  3.510e-04
2736
1  3.791e-04
2737
1  3.377e-04
2738
1  3.544e-04
2739
1  4.213e-04
2740
1  3.332e-04
2741
1  3.691e-04
2742
1  3.736e-04
2743
1  7.627e-04
2744
1  3.897e-04
2745
1  7.413e-04
2746
1  3.413e-04
2747
1  3.804e-04
2748
1  3.575e-04
2749
1  7.688e-04
2750
1  3.859e-04
2751
1  6.474e-04
2752
1  3.531e-04
2753
1  3.154e-04
2754
1  9.887e-04
2755
1  5.732e-04
2756
1  4.252e-04
2757
1  9.426e-04
2758
1  5.518e-04
2759
1  3.713e-04
2760
1  3.488e-04
2761
1  3.820e-04
2762
1  8.981e-04
2763
1  3.980e-04
2764
1  1.094e-03
2765
1  5.585e-04
2766
1  7.649e-04
2767
1  4.002e-04
2768
1  4.639e-04
2769
1  9.424e-04
2770
1  7.462e-04
2771
1  4.068e-04
2772
1  9.115e-04
2773
1  3.267e-04
2774
1  8.738e-04
2775
1  3.970e-04
2776
1  9.799e-04
2777
1  6.930e-04
2778
1  7.383e-04
2779
1  3.822e-04
2780
1  6.401e-04
2781
1  3.836e-04
2782
1  3.001e-04
2783
1  3.748e-04
2784
1  4.516e-04
2785
1  4.447e-04
2786
1  3.833e-04
2787
1  3.165e-04
2788
1  3.670e-04
2789
1  9.773e-04
2790
1  3.618e-04
2791
1  3.142e-04
2792
1  4.281e-04
2793
1  6.813e-04
2794
1  1.010e-03
2795
1  3.474e-04
2796
1  9.999e-04
2797
1  7.454e-04
2798
1  3.898e-04
2799
1  9.583e-04
2800
1  2.964e-04
2801
1  4.834e-04
2802
1  3.619e-04
2803
1  3.731e-04
2804
1  3.882e-04
2805
1  3.720e-04
2806
1  7.259e-04
2807
1  7.278e-04
2808
1  3.324e-04
2809
1  9.954e-04
2810
1  1.019e-03
2811
1  3.277e-04
2812
1  3.336e-04
2813
1  3.627e-04
2814
1  7.602e-04
2815
1  1.064e-03
2816
1  3.110e-04
2817
1  3.774e-04
2818
1  5.664e-04
2819
1  4.113e-04
2820
1  7.194e-04
2821
1  4.576e-04
2822
1  3.979e-04
2823
1  5.715e-04
2824
1  3.522e-04
2825
1  3.384e-04
2826
1  5.729e-04
2827
1  9.797e-04
2828
1  2.699e-04
2829
1  3.260e-04
2830
1  3.372e-04
2831
1  3.738e-04
2832
1  6.164e-04
2833
1  6.469e-04
2834
1  6.882e-04
2835
1  9.509e-04
2836
1  3.370e-04
2837
1  3.342e-04
2838
1  9.834e-04
2839
1  3.922e-04
2840
1  7.919e-04
2841
1  1.010e-03
2842
1  3.222e-04
2843
1  3.874e-04
2844
1  6.937e-04
2845
1  1.045e-03
2846
1  7.731e-04
2847
1  3.527e-04
2848
1  3.475e-04
2849
1  1.116e-03
2850
1  5.683e-04
2851
1  5.154e-04
2852
1  4.662e-04
2853
1  5.304e-04
2854
1  7.647e-04
2855
1  4.010e-04
2856
1  3.583e-04
2857
1  7.300e-04
2858
1  7.041e-04
2859
1  7.567e-04
2860
1  2.849e-04
2861
1  3.292e-04
2862
1  5.627e-04
2863
1  9.857e-04
2864
1  7.236e-04
2865
1  9.616e-04
2866
1  1.006e-03
2867
1  3.407e-04
2868
1  4.210e-04
2869
1  5.937e-04
2870
1  9.481e-04
2871
1  5.412e-04
2872
1  6.554e-04
2873
1  3.243e-04
2874
1  3.432e-04
2875
1  3.814e-04
2876
1  4.291e-04
2877
1  5.376e-04
2878
1  3.158e-04
2879
1  3.995e-04
2880
1  5.528e-04
2881
1  3.241e-04
2882
1  4.180e-04
2883
1  3.442e-04
2884
1  3.758e-04
2885
1  3.267e-04
2886
1  3.305e-04
2887
1  1.005e-03
2888
1  9.270e-04
2889
1  7.847e-04
2890
1  3.916e-04
2891
1  3.514e-04
2892
1  3.278e-04
2893
1  7.491e-04
2894
1  3.570e-04
2895
1  6.241e-04
2896
1  3.785e-04
2897
1  3.747e-04
2898
1  5.148e-04
2899
1  6.672e-04
2900
1  5.870e-04
2901
1  4.827e-04
2902
1  6.762e-04
2903
1  3.981e-04
2904
1  3.354e-04
2905
1  1.029e-03
2906
1  4.628e-04
2907
1  9.643e-04
2908
1  6.872e-04
2909
1  7.349e-04
2910
1  9.996e-04
2911
1  6.006e-04
2912
1  4.376e-04
2913
1  3.241e-04
2914
1  3.135e-04
2915
1  4.368e-04
2916
1  5.197e-04
2917
1  5.476e-04
2918
1  3.485e-04
2919
1  5.553e-04
2920
1  3.870e-04
2921
1  3.631e-04
2922
1  9.645e-04
2923
1  3.758e-04
2924
1  3.871e-04
2925
1  7.521e-04
2926
1  4.398e-04
2927
1  3.425e-04
2928
1  3.369e-04
2929
1  7.833e-04
2930
1  3.357e-04
2931
1  5.316e-04
2932
1  3.853e-04
2933
1  7.004e-04
2934
1  3.829e-04
2935
1  2.620e-04
2936
1  5.766e-04
2937
1  3.593e-04
2938
1  9.599e-04
2939
1  3.406e-04
2940
1  1.043e-03
2941
1  9.751e-04
2942
1  9.789e-04
2943
1  3.888e-04
2944
1  6.117e-04
2945
1  8.969e-04
2946
1  1.000e-03
2947
1  7.510e-04
2948
1  4.452e-04
2949
1  3.717e-04
2950
1  6.307e-04
2951
1  3.519e-04
2952
1  3.566e-04
2953
1  2.734e-04
2954
1  3.325e-04
2955
1  4.315e-04
2956
1  9.648e-04
2957
1  3.812e-04
2958
1  7.831e-04
2959
1  9.733e-04
2960
1  5.811e-04
2961
1  3.766e-04
2962
1  3.734e-04
2963
1  3.147e-04
2964
1  5.249e-04
2965
1  3.998e-04
2966
1  4.635e-04
2967
1  5.426e-04
2968
1  5.793e-04
2969
1  7.254e-04
2970
1  6.068e-04
2971
1  7.124e-04
2972
1  6.302e-04
2973
1  3.326e-04
2974
1  7.533e-04
2975
1  3.905e-04
2976
1  1.022e-03
2977
1  1.018e-03
2978
1  5.722e-04
2979
1  5.124e-04
2980
1  9.158e-04
2981
1  3.606e-04
2982
1  4.334e-04
2983
1  3.763e-04
2984
1  4.163e-04
2985
1  3.590e-04
2986
1  3.091e-04
2987
1  3.656e-04
2988
1  9.359e-04
2989
1  7.770e-04
2990
1  3.341e-04
2991
1  3.981e-04
2992
1  4.077e-04
2993
1  3.136e-04
2994
1  3.831e-04
2995
1  4.316e-04
2996
1  1.002e-03
2997
1  6.996e-04
2998
1  9.841e-04
2999
1  3.087e-04
3000
1  4.097e-04
3001
1  5.132e-04
3002
1  6.021e-04
3003
1  6.906e-04
3004
1  9.329e-04
3005
1  5.427e-04
3006
1  6.789e-04
3007
1  5.979e-04
3008
1  5.930e-04
3009
1  3.515e-04
3010
1  9.990e-04
3011
1  6.113e-04
3012
1  3.608e-04
3013
1  5.197e-04
3014
1  5.372e-04
3015
1  3.674e-04
3016
1  7.098e-04
3017
1  7.082e-04
3018
1  8.917e-04
3019
1  3.928e-04
3020
1  3.606e-04
3021
1  4.186e-04
3022
1  3.287e-04
3023
1  4.079e-04
3024
1  6.513e-04
3025
1  9.251e-04
3026
1  6.707e-04
3027
1  4.846e-04
3028
1  6.290e-04
3029
1  5.553e-04
3030
1  3.699e-04
3031
1  4.141e-04
3032
1  3.660e-04
3033
1  3.458e-04
3034
1  4.009e-04
3035
1  9.789e-04
3036
1  3.740e-04
3037
1  9.170e-04
3038
1  6.916e-04
3039
1  1.017e-03
3040
1  3.827e-04
3041
1  6.034e-04
3042
1  3.832e-04
3043
1  6.402e-04
3044
1  6.803e-04
3045
1  1.006e-03
3046
1  2.963e-04
3047
1  9.684e-04
3048
1  8.273e-04
3049
1  3.929e-04
3050
1  9.973e-04
3051
1  8.057e-04
3052
1  9.435e-04
3053
1  7.344e-04
3054
1  9.099e-04
3055
1  5.866e-04
3056
1  3.827e-04
3057
1  5.707e-04
3058
1  2.752e-04
3059
1  6.842e-04
3060
1  3.691e-04
3061
1  2.898e-04
3062
1  4.505e-04
3063
1  3.698e-04
3064
1  3.618e-04
3065
1  3.811e-04
3066
1  6.345e-04
3067
1  3.291e-04
3068
1  9.487e-04
3069
1  3.703e-04
3070
1  4.264e-04
3071
1  4.236e-04
3072
1  4.391e-04
3073
1  3.409e-04
3074
1  3.193e-04
3075
1  6.352e-04
3076
1  4.081e-04
3077
1  3.370e-04
3078
1  4.356e-04
3079
1  3.312e-04
3080
1  7.130e-04
3081
1  3.083e-04
3082
1  5.567e-04
3083
1  4.099e-04
3084
1  3.464e-04
3085
1  3.485e-04
3086
1  3.258e-04
3087
1  9.708e-04
3088
1  5.715e-04
3089
1  4.295e-04
3090
1  5.537e-04
3091
1  5.698e-04
3092
1  3.338e-04
3093
1  4.149e-04
3094
1  8.961e-04
3095
1  3.601e-04
3096
1  3.995e-04
3097
1  7.507e-04
3098
1  6.355e-04
3099
1  9.252e-04
3100
1  7.725e-04
3101
1  6.421e-04
3102
1  3.202e-04
3103
1  4.060e-04
3104
1  3.942e-04
3105
1  7.730e-04
3106
1  9.406e-04
3107
1  6.120e-04
3108
1  2.949e-04
3109
1  3.091e-04
3110
1  3.719e-04
3111
1  3.534e-04
3112
1  9.013e-04
3113
1  5.724e-04
3114
1  4.126e-04
3115
1  1.058e-03
3116
1  3.358e-04
3117
1  3.971e-04
3118
1  3.330e-04
3119
1  3.599e-04
3120
1  3.178e-04
3121
1  7.872e-04
3122
1  3.948e-04
3123
1  3.030e-04
3124
1  3.690e-04
3125
1  3.690e-04
3126
1  1.009e-03
3127
1  3.684e-04
3128
1  3.089e-04
3129
1  8.239e-04
3130
1  3.830e-04
3131
1  1.047e-03
3132
1  3.945e-04
3133
1  6.768e-04
3134
1  6.705e-04
3135
1  3.254e-04
3136
1  3.658e-04
3137
1  9.674e-04
3138
1  9.407e-04
3139
1  6.821e-04
3140
1  3.195e-04
3141
1  4.647e-04
3142
1  3.795e-04
3143
1  6.980e-04
3144
1  6.219e-04
3145
1  4.048e-04
3146
1  4.239e-04
3147
1  6.537e-04
3148
1  4.217e-04
3149
1  9.819e-04
3150
1  3.958e-04
3151
1  9.736e-04
3152
1  1.024e-03
3153
1  7.052e-04
3154
1  3.570e-04
3155
1  7.203e-04
3156
1  3.825e-04
3157
1  3.758e-04
3158
1  7.906e-04
3159
1  4.114e-04
3160
1  7.620e-04
3161
1  3.827e-04
3162
1  5.759e-04
3163
1  5.346e-04
3164
1  3.475e-04
3165
1  3.217e-04
3166
1  8.869e-04
3167
1  5.731e-04
3168
1  9.067e-04
3169
1  3.713e-04
3170
1  7.548e-04
3171
1  5.336e-04
3172
1  3.854e-04
3173
1  3.191e-04
3174
1  9.597e-04
3175
1  4.247e-04
3176
1  9.755e-04
3177
1  2.689e-04
3178
1  7.826e-04
3179
1  6.888e-04
3180
1  3.722e-04
3181
1  1.000e-03
3182
1  9.669e-04
3183
1  6.170e-04
3184
1  5.941e-04
3185
1  4.022e-04
3186
1  4.064e-04
3187
1  6.379e-04
3188
1  3.656e-04
3189
1  3.778e-04
3190
1  9.352e-04
3191
1  3.189e-04
3192
1  3.836e-04
3193
1  7.609e-04
3194
1  5.730e-04
3195
1  3.181e-04
3196
1  3.386e-04
3197
1  4.206e-04
3198
1  1.015e-03
3199
1  7.597e-04
3200
1  1.014e-03
3201
1  3.713e-04
3202
1  6.311e-04
3203
1  4.045e-04
3204
1  3.117e-04
3205
1  3.522e-04
3206
1  4.936e-04
3207
1  2.757e-04
3208
1  3.516e-04
3209
1  5.576e-04
3210
1  3.801e-04
3211
1  3.564e-04
3212
1  4.737e-04
3213
1  4.034e-04
3214
1  7.183e-04
3215
1  7.347e-04
3216
1  3.473e-04
3217
1  3.778e-04
3218
1  5.210e-04
3219
1  4.295e-04
3220
1  9.329e-04
3221
1  5.683e-04
3222
1  3.265e-04
3223
1  5.556e-04
3224
1  9.303e-04
3225
1  8.247e-04
3226
1  3.832e-04
3227
1  3.879e-04
3228
1  1.067e-03
3229
1  3.256e-04
3230
1  3.080e-04
3231
1  3.939e-04
3232
1  3.357e-04
3233
1  7.308e-04
3234
1  3.526e-04
3235
1  9.468e-04
3236
1  8.331e-04
3237
1  3.621e-04
3238
1  3.967e-04
3239
1  3.780e-04
3240
1  9.837e-04
3241
1  3.790e-04
3242
1  3.954e-04
3243
1  5.728e-04
3244
1  5.501e-04
3245
1  3.692e-04
3246
1  8.077e-04
3247
1  3.089e-04
3248
1  3.456e-04
3249
1  4.324e-04
3250
1  5.280e-04
3251
1  3.729e-04
3252
1  3.528e-04
3253
1  4.471e-04
3254
1  5.234e-04
3255
1  3.780e-04
3256
1  4.230e-04
3257
1  3.541e-04
3258
1  6.259e-04
3259
1  9.958e-04
3260
1  3.947e-04
3261
1  9.936e-04
3262
1  3.963e-04
3263
1  3.400e-04
3264
1  3.614e-04
3265
1  3.299e-04
3266
1  8.107e-04
3267
1  3.838e-04
3268
1  6.920e-04
3269
1  5.980e-04
3270
1  2.990e-04
3271
1  4.367e-04
3272
1  7.053e-04
3273
1  4.186e-04
3274
1  3.987e-04
3275
1  3.866e-04
3276
1  3.331e-04
3277
1  1.014e-03
3278
1  4.186e-04
3279
1  6.426e-04
3280
1  3.943e-04
3281
1  8.767e-04
3282
1  1.029e-03
3283
1  5.955e-04
3284
1  5.247e-04
3285
1  4.545e-04
3286
1  3.822e-04
3287
1  3.841e-04
3288
1  5.479e-04
3289
1  3.800e-04
3290
1  4.115e-04
3291
1  4.001e-04
3292
1  3.981e-04
3293
1  5.435e-04
3294
1  7.498e-04
3295
1  3.957e-04
3296
1  3.680e-04
3297
1  5.107e-04
3298
1  9.682e-04
3299
1  4.038e-04
3300
1  7.504e-04
3301
1  6.262e-04
3302
1  3.634e-04
3303
1  9.981e-04
3304
1  3.234e-04
3305
1  6.528e-04
3306
1  7.270e-04
3307
1  1.048e-03
3308
1  4.340e-04
3309
1  6.457e-04
3310
1  6.793e-04
3311
1  3.612e-04
3312
1  7.640e-04
3313
1  6.011e-04
3314
1  3.361e-04
3315
1  5.398e-04
3316
1  6.725e-04
3317
1  1.106e-03
3318
1  3.421e-04
3319
1  3.853e-04
3320
1  8.631e-04
3321
1  1.069e-03
3322
1  4.290e-04
3323
1  4.101e-04
3324
1  5.986e-04
3325
1  6.227e-04
3326
1  3.687e-04
3327
1  4.643e-04
3328
1  3.663e-04
3329
1  3.469e-04
3330
1  3.446e-04
3331
1  1.032e-03
3332
1  3.546e-04
3333
1  8.095e-04
3334
1  9.068e-04
3335
1  5.956e-04
3336
1  3.064e-04
3337
1  5.785e-04
3338
1  6.591e-04
3339
1  1.047e-03
3340
1  6.293e-04
3341
1  5.140e-04
3342
1  6.480e-04
3343
1  3.845e-04
3344
1  7.855e-04
3345
1  4.126e-04
3346
1  1.004e-03
3347
1  3.979e-04
3348
1  3.060e-04
3349
1  1.040e-03
3350
1  4.699e-04
3351
1  5.695e-04
3352
1  3.303e-04
3353
1  5.484e-04
3354
1  6.889e-04
3355
1  3.791e-04
3356
1  1.001e-03
3357
1  4.107e-04
3358
1  3.857e-04
3359
1  8.116e-04
3360
1  1.091e-03
3361
1  7.155e-04
3362
1  4.031e-04
3363
1  7.616e-04
3364
1  7.906e-04
3365
1  6.448e-04
3366
1  3.322e-04
3367
1  3.208e-04
3368
1  7.331e-04
3369
1  5.398e-04
3370
1  3.715e-04
3371
1  6.760e-04
3372
1  4.064e-04
3373
1  8.088e-04
3374
1  1.042e-03
3375
1  9.295e-04
3376
1  7.098e-04
3377
1  9.378e-04
3378
1  6.406e-04
3379
1  9.108e-04
3380
1  1.036e-03
3381
1  6.690e-04
3382
1  3.900e-04
3383
1  5.845e-04
3384
1  3.796e-04
3385
1  3.285e-04
3386
1  3.611e-04
3387
1  3.646e-04
3388
1  3.438e-04
3389
1  3.889e-04
3390
1  9.486e-04
3391
1  3.334e-04
3392
1  9.507e-04
3393
1  8.136e-04
3394
1  3.592e-04
3395
1  1.017e-03
3396
1  9.525e-04
3397
1  9.954e-04
3398
1  5.308e-04
3399
1  6.659e-04
3400
1  7.304e-04
3401
1  4.000e-04
3402
1  7.322e-04
3403
1  4.322e-04
3404
1  9.463e-04
3405
1  3.923e-04
3406
1  3.392e-04
3407
1  5.633e-04
3408
1  3.805e-04
3409
1  3.771e-04
3410
1  4.237e-04
3411
1  4.047e-04
3412
1  5.320e-04
3413
1  3.764e-04
3414
1  5.061e-04
3415
1  3.789e-04
3416
1  9.612e-04
3417
1  3.979e-04
3418
1  3.910e-04
3419
1  9.243e-04
3420
1  5.595e-04
3421
1  3.707e-04
3422
1  3.952e-04
3423
1  3.998e-04
3424
1  7.519e-04
3425
1  4.093e-04
3426
1  1.022e-03
3427
1  4.353e-04
3428
1  5.089e-04
3429
1  4.582e-04
3430
1  4.166e-04
3431
1  5.201e-04
3432
1  3.468e-04
3433
1  3.721e-04
3434
1  3.986e-04
3435
1  5.988e-04
3436
1  6.635e-04
3437
1  4.006e-04
3438
1  9.683e-04
3439
1  2.436e-04
3440
1  3.762e-04
3441
1  3.005e-04
3442
1  5.122e-04
3443
1  6.730e-04
3444
1  5.860e-04
3445
1  3.934e-04
3446
1  9.030e-04
3447
1  6.334e-04
3448
1  3.763e-04
3449
1  6.920e-04
3450
1  3.989e-04
3451
1  6.852e-04
3452
1  6.923e-04
3453
1  3.926e-04
3454
1  9.613e-04
3455
1  4.238e-04
3456
1  4.000e-04
3457
1  1.016e-03
3458
1  9.983e-04
3459
1  5.683e-04
3460
1  3.734e-04
3461
1  3.496e-04
3462
1  7.546e-04
3463
1  3.818e-04
3464
1  6.587e-04
3465
1  3.433e-04
3466
1  3.757e-04
3467
1  3.525e-04
3468
1  3.918e-04
3469
1  5.810e-04
3470
1  3.531e-04
3471
1  9.642e-04
3472
1  6.458e-04
3473
1  7.304e-04
3474
1  5.587e-04
3475
1  3.504e-04
3476
1  3.576e-04
3477
1  3.555e-04
3478
1  9.980e-04
3479
1  9.756e-04
3480
1  9.809e-04
3481
1  3.649e-04
3482
1  7.204e-04
3483
1  3.613e-04
3484
1  9.547e-04
3485
1  3.854e-04
3486
1  4.260e-04
3487
1  5.846e-04
3488
1  5.058e-04
3489
1  3.134e-04
3490
1  3.550e-04
3491
1  7.338e-04
3492
1  3.098e-04
3493
1  1.044e-03
3494
1  4.242e-04
3495
1  3.643e-04
3496
1  2.790e-04
3497
1  5.365e-04
3498
1  5.286e-04
3499
1  7.122e-04
3500
1  3.388e-04
3501
1  7.319e-04
3502
1  3.468e-04
3503
1  1.018e-03
3504
1  6.406e-04
3505
1  3.722e-04
3506
1  4.208e-04
3507
1  3.409e-04
3508
1  3.566e-04
3509
1  9.231e-04
3510
1  3.608e-04
3511
1  6.576e-04
3512
1  3.283e-04
3513
1  3.723e-04
3514
1  6.744e-04
3515
1  3.907e-04
3516
1  9.798e-04
3517
1  5.629e-04
3518
1  2.960e-04
3519
1  4.197e-04
3520
1  9.354e-04
3521
1  4.094e-04
3522
1  3.918e-04
3523
1  3.639e-04
3524
1  5.656e-04
3525
1  7.545e-04
3526
1  3.352e-04
3527
1  3.842e-04
3528
1  3.413e-04
3529
1  7.302e-04
3530
1  6.966e-04
3531
1  7.414e-04
3532
1  9.726e-04
3533
1  7.683e-04
3534
1  3.008e-04
3535
1  3.463e-04
3536
1  1.028e-03
3537
1  1.010e-03
3538
1  3.373e-04
3539
1  3.399e-04
3540
1  7.454e-04
3541
1  9.628e-04
3542
1  5.822e-04
3543
1  4.197e-04
3544
1  3.273e-04
3545
1  3.982e-04
3546
1  9.218e-04
3547
1  3.868e-04
3548
1  1.025e-03
3549
1  7.628e-04
3550
1  3.190e-04
3551
1  3.595e-04
3552
1  9.209e-04
3553
1  8.134e-04
3554
1  3.077e-04
3555
1  3.253e-04
3556
1  6.383e-04
3557
1  9.080e-04
3558
1  7.949e-04
3559
1  9.641e-04
3560
1  5.676e-04
3561
1  7.651e-04
3562
1  4.161e-04
3563
1  6.791e-04
3564
1  9.320e-04
3565
1  3.865e-04
3566
1  7.317e-04
3567
1  1.051e-03
3568
1  3.547e-04
3569
1  3.746e-04
3570
1  7.551e-04
3571
1  7.383e-04
3572
1  3.154e-04
3573
1  9.672e-04
3574
1  3.094e-04
3575
1  6.665e-04
3576
1  3.178e-04
3577
1  3.430e-04
3578
1  9.572e-04
3579
1  5.741e-04
3580
1  5.623e-04
3581
1  4.760e-04
3582
1  5.118e-04
3583
1  3.987e-04
3584
1  6.923e-04
3585
1  1.065e-03
3586
1  3.863e-04
3587
1  5.985e-04
3588
1  3.496e-04
3589
1  5.213e-04
3590
1  7.566e-04
3591
1  6.966e-04
3592
1  3.794e-04
3593
1  9.452e-04
3594
1  6.292e-04
3595
1  4.251e-04
3596
1  1.016e-03
3597
1  3.974e-04
3598
1  9.111e-04
3599
1  3.239e-04
3600
1  7.261e-04
3601
1  7.013e-04
3602
1  9.382e-04
3603
1  4.036e-04
3604
1  6.914e-04
3605
1  7.557e-04
3606
1  7.325e-04
3607
1  3.858e-04
3608
1  5.644e-04
3609
1  3.704e-04
3610
1  9.684e-04
3611
1  9.537e-04
3612
1  4.600e-04
3613
1  9.681e-04
3614
1  5.834e-04
3615
1  9.478e-04
3616
1  3.422e-04
3617
1  7.180e-04
3618
1  4.037e-04
3619
1  3.367e-04
3620
1  3.408e-04
3621
1  3.861e-04
3622
1  3.895e-04
3623
1  7.546e-04
3624
1  3.327e-04
3625
1  4.515e-04
3626
1  6.471e-04
3627
1  9.601e-04
3628
1  1.048e-03
3629
1  7.078e-04
3630
1  3.826e-04
3631
1  1.032e-03
3632
1  3.664e-04
3633
1  7.629e-04
3634
1  3.456e-04
3635
1  3.488e-04
3636
1  1.003e-03
3637
1  7.456e-04
3638
1  1.103e-03
3639
1  3.503e-04
3640
1  2.855e-04
3641
1  3.754e-04
3642
1  7.293e-04
3643
1  3.112e-04
3644
1  3.794e-04
3645
1  3.636e-04
3646
1  1.019e-03
3647
1  4.980e-04
3648
1  5.789e-04
3649
1  5.145e-04
3650
1  5.378e-04
3651
1  5.372e-04
3652
1  4.038e-04
3653
1  5.123e-04
3654
1  3.327e-04
3655
1  5.144e-04
3656
1  7.362e-04
3657
1  7.056e-04
3658
1  4.137e-04
3659
1  5.904e-04
3660
1  7.378e-04
3661
1  4.546e-04
3662
1  9.869e-04
3663
1  3.381e-04
3664
1  9.012e-04
3665
1  7.715e-04
3666
1  4.077e-04
3667
1  9.473e-04
3668
1  5.715e-04
3669
1  4.074e-04
3670
1  5.703e-04
3671
1  4.263e-04
3672
1  5.974e-04
3673
1  9.643e-04
3674
1  7.844e-04
3675
1  1.021e-03
3676
1  5.846e-04
3677
1  4.854e-04
3678
1  5.633e-04
3679
1  3.452e-04
3680
1  7.677e-04
3681
1  3.705e-04
3682
1  5.887e-04
3683
1  6.550e-04
3684
1  3.309e-04
3685
1  3.655e-04
3686
1  3.705e-04
3687
1  3.033e-04
3688
1  9.683e-04
3689
1  1.061e-03
3690
1  5.443e-04
3691
1  4.277e-04
3692
1  5.454e-04
3693
1  5.658e-04
3694
1  5.248e-04
3695
1  3.415e-04
3696
1  3.464e-04
3697
1  5.535e-04
3698
1  4.064e-04
3699
1  5.482e-04
3700
1  4.094e-04
3701
1  3.082e-04
3702
1  3.486e-04
3703
1  3.803e-04
3704
1  5.355e-04
3705
1  3.703e-04
3706
1  7.402e-04
3707
1  1.030e-03
3708
1  4.191e-04
3709
1  4.024e-04
3710
1  6.515e-04
3711
1  3.887e-04
3712
1  2.971e-04
3713
1  6.469e-04
3714
1  5.563e-04
3715
1  3.412e-04
3716
1  7.496e-04
3717
1  3.636e-04
3718
1  7.467e-04
3719
1  3.609e-04
3720
1  5.874e-04
3721
1  9.925e-04
3722
1  7.534e-04
3723
1  1.038e-03
3724
1  3.623e-04
3725
1  5.916e-04
3726
1  4.518e-04
3727
1  6.839e-04
3728
1  1.034e-03
3729
1  7.150e-04
3730
1  1.009e-03
3731
1  4.019e-04
3732
1  9.479e-04
3733
1  3.147e-04
3734
1  3.209e-04
3735
1  3.792e-04
3736
1  7.584e-04
3737
1  6.473e-04
3738
1  7.314e-04
3739
1  7.372e-04
3740
1  3.423e-04
3741
1  9.603e-04
3742
1  2.853e-04
3743
1  3.599e-04
3744
1  3.311e-04
3745
1  3.217e-04
3746
1  3.925e-04
3747
1  1.026e-03
3748
1  3.833e-04
3749
1  1.018e-03
3750
1  6.027e-04
3751
1  3.745e-04
3752
1  9.114e-04
3753
1  3.303e-04
3754
1  5.892e-04
3755
1  3.412e-04
3756
1  7.620e-04
3757
1  5.638e-04
3758
1  6.072e-04
3759
1  9.011e-04
3760
1  9.725e-04
3761
1  4.378e-04
3762
1  3.230e-04
3763
1  2.779e-04
3764
1  5.728e-04
3765
1  3.474e-04
3766
1  6.229e-04
3767
1  4.078e-04
3768
1  4.190e-04
3769
1  1.005e-03
3770
1  3.765e-04
3771
1  3.854e-04
3772
1  3.814e-04
3773
1  3.972e-04
3774
1  4.593e-04
3775
1  5.537e-04
3776
1  5.820e-04
3777
1  4.860e-04
3778
1  6.933e-04
3779
1  3.948e-04
3780
1  5.634e-04
3781
1  3.527e-04
3782
1  1.011e-03
3783
1  4.137e-04
3784
1  5.082e-04
3785
1  7.043e-04
3786
1  4.234e-04
3787
1  3.688e-04
3788
1  3.031e-04
3789
1  3.751e-04
3790
1  3.414e-04
3791
1  3.763e-04
3792
1  4.504e-04
3793
1  7.110e-04
3794
1  3.594e-04
3795
1  9.795e-04
3796
1  7.066e-04
3797
1  9.509e-04
3798
1  3.918e-04
3799
1  3.727e-04
3800
1  2.850e-04
3801
1  1.014e-03
3802
1  5.527e-04
3803
1  4.619e-04
3804
1  4.808e-04
3805
1  5.332e-04
3806
1  5.954e-04
3807
1  7.206e-04
3808
1  8.853e-04
3809
1  8.491e-04
3810
1  2.877e-04
3811
1  3.019e-04
3812
1  7.516e-04
3813
1  1.018e-03
3814
1  9.460e-04
3815
1  7.348e-04
3816
1  3.872e-04
3817
1  3.880e-04
3818
1  3.712e-04
3819
1  5.865e-04
3820
1  1.012e-03
3821
1  4.719e-04
3822
1  2.936e-04
3823
1  4.467e-04
3824
1  5.815e-04
3825
1  3.284e-04
3826
1  6.758e-04
3827
1  3.894e-04
3828
1  4.489e-04
3829
1  3.360e-04
3830
1  3.310e-04
3831
1  9.969e-04
3832
1  2.930e-04
3833
1  4.237e-04
3834
1  2.924e-04
3835
1  3.068e-04
3836
1  6.694e-04
3837
1  6.307e-04
3838
1  7.261e-04
3839
1  3.155e-04
3840
1  3.288e-04
3841
1  3.679e-04
3842
1  4.093e-04
3843
1  7.393e-04
3844
1  3.456e-04
3845
1  6.134e-04
3846
1  3.931e-04
3847
1  4.019e-04
3848
1  3.544e-04
3849
1  3.664e-04
3850
1  7.274e-04
3851
1  1.041e-03
3852
1  3.582e-04
3853
1  6.818e-04
3854
1  6.235e-04
3855
1  9.501e-04
3856
1  6.161e-04
3857
1  5.732e-04
3858
1  9.707e-04
3859
1  4.616e-04
3860
1  9.174e-04
3861
1  1.037e-03
3862
1  2.973e-04
3863
1  5.128e-04
3864
1  6.879e-04
3865
1  9.605e-04
3866
1  5.980e-04
3867
1  5.167e-04
3868
1  3.349e-04
3869
1  5.410e-04
3870
1  3.027e-04
3871
1  7.772e-04
3872
1  9.483e-04
3873
1  3.448e-04
3874
1  3.788e-04
3875
1  3.446e-04
3876
1  7.190e-04
3877
1  1.003e-03
3878
1  7.318e-04
3879
1  5.447e-04
3880
1  7.720e-04
3881
1  9.386e-04
3882
1  5.744e-04
3883
1  3.924e-04
3884
1  3.949e-04
3885
1  3.549e-04
3886
1  9.197e-04
3887
1  6.094e-04
3888
1  5.213e-04
3889
1  5.274e-04
3890
1  3.882e-04
3891
1  4.039e-04
3892
1  4.732e-04
3893
1  3.100e-04
3894
1  3.037e-04
3895
1  6.755e-04
3896
1  5.588e-04
3897
1  5.781e-04
3898
1  9.953e-04
3899
1  8.161e-04
3900
1  8.911e-04
3901
1  4.265e-04
3902
1  3.271e-04
3903
1  3.314e-04
3904
1  3.596e-04
3905
1  7.604e-04
3906
1  1.030e-03
3907
1  7.167e-04
3908
1  7.601e-04
3909
1  3.573e-04
3910
1  3.484e-04
3911
1  9.913e-04
3912
1  9.315e-04
3913
1  8.128e-04
3914
1  3.411e-04
3915
1  6.941e-04
3916
1  3.868e-04
3917
1  6.148e-04
3918
1  5.178e-04
3919
1  2.806e-04
3920
1  9.336e-04
3921
1  7.683e-04
3922
1  3.831e-04
3923
1  3.796e-04
3924
1  3.638e-04
3925
1  4.156e-04
3926
1  5.426e-04
3927
1  3.212e-04
3928
1  8.622e-04
3929
1  4.258e-04
3930
1  4.097e-04
3931
1  1.051e-03
3932
1  4.401e-04
3933
1  3.405e-04
3934
1  7.480e-04
3935
1  3.405e-04
3936
1  4.416e-04
3937
1  1.037e-03
3938
1  7.428e-04
3939
1  5.271e-04
3940
1  5.140e-04
3941
1  4.099e-04
3942
1  3.121e-04
3943
1  5.001e-04
3944
1  6.621e-04
3945
1  4.288e-04
3946
1  9.997e-04
3947
1  3.474e-04
3948
1  7.215e-04
3949
1  8.785e-04
3950
1  1.042e-03
3951
1  3.544e-04
3952
1  2.763e-04
3953
1  8.258e-04
3954
1  3.692e-04
3955
1  9.962e-04
3956
1  3.635e-04
3957
1  5.313e-04
3958
1  6.844e-04
3959
1  7.403e-04
3960
1  9.844e-04
3961
1  3.684e-04
3962
1  4.534e-04
3963
1  3.877e-04
3964
1  3.244e-04
3965
1  7.273e-04
3966
1  9.588e-04
3967
1  6.718e-04
3968
1  6.177e-04
3969
1  9.330e-04
3970
1  4.082e-04
3971
1  3.267e-04
3972
1  3.924e-04
3973
1  4.339e-04
3974
1  1.001e-03
3975
1  7.357e-04
3976
1  6.725e-04
3977
1  9.240e-04
3978
1  1.014e-03
3979
1  5.351e-04
3980
1  5.765e-04
3981
1  3.595e-04
3982
1  3.266e-04
3983
1  3.276e-04
3984
1  5.690e-04
3985
1  6.832e-04
3986
1  3.973e-04
3987
1  1.050e-03
3988
1  3.913e-04
3989
1  5.982e-04
3990
1  3.035e-04
3991
1  6.599e-04
3992
1  1.073e-03
3993
1  3.542e-04
3994
1  7.190e-04
3995
1  3.865e-04
3996
1  9.577e-04
3997
1  6.837e-04
3998
1  5.555e-04
3999
1  9.266e-04
4000
1  3.608e-04
4001
1  3.163e-04
4002
1  4.054e-04
4003
1  3.219e-04
4004
1  5.950e-04
4005
1  7.041e-04
4006
1  7.619e-04
4007
1  4.088e-04
4008
1  5.963e-04
4009
1  5.361e-04
4010
1  3.453e-04
4011
1  1.058e-03
4012
1  3.971e-04
4013
1  7.642e-04
4014
1  3.681e-04
4015
1  3.574e-04
4016
1  2.439e-04
4017
1  9.680e-04
4018
1  4.046e-04
4019
1  4.103e-04
4020
1  6.191e-04
4021
1  3.240e-04
4022
1  6.491e-04
4023
1  6.258e-04
4024
1  3.006e-04
4025
1  3.992e-04
4026
1  3.386e-04
4027
1  3.808e-04
4028
1  4.157e-04
4029
1  3.254e-04
4030
1  3.389e-04
4031
1  6.068e-04
4032
1  3.215e-04
4033
1  3.371e-04
4034
1  3.611e-04
4035
1  1.011e-03
4036
1  3.392e-04
4037
1  3.482e-04
4038
1  3.784e-04
4039
1  3.310e-04
4040
1  3.801e-04
4041
1  3.621e-04
4042
1  6.294e-04
4043
1  3.864e-04
4044
1  7.069e-04
4045
1  1.010e-03
4046
1  6.391e-04
4047
1  3.373e-04
4048
1  9.281e-04
4049
1  1.001e-03
4050
1  3.852e-04
4051
1  5.967e-04
4052
1  6.972e-04
4053
1  5.478e-04
4054
1  6.488e-04
4055
1  7.209e-04
4056
1  7.696e-04
4057
1  3.541e-04
4058
1  7.627e-04
4059
1  1.064e-03
4060
1  4.158e-04
4061
1  5.053e-04
4062
1  3.616e-04
4063
1  3.637e-04
4064
1  9.334e-04
4065
1  3.653e-04
4066
1  3.221e-04
4067
1  9.721e-04
4068
1  4.156e-04
4069
1  1.011e-03
4070
1  9.626e-04
4071
1  7.440e-04
4072
1  3.799e-04
4073
1  9.824e-04
4074
1  5.678e-04
4075
1  7.679e-04
4076
1  3.760e-04
4077
1  9.935e-04
4078
1  5.173e-04
4079
1  3.055e-04
4080
1  7.640e-04
4081
1  4.055e-04
4082
1  3.673e-04
4083
1  1.030e-03
4084
1  6.104e-04
4085
1  3.435e-04
4086
1  3.141e-04
4087
1  3.852e-04
4088
1  5.302e-04
4089
1  3.376e-04
4090
1  3.922e-04
4091
1  4.273e-04
4092
1  7.290e-04
4093
1  1.012e-03
4094
1  6.956e-04
4095
1  3.398e-04
4096
1  5.619e-04
4097
1  3.511e-04
4098
1  4.055e-04
4099
1  5.312e-04
4100
1  3.896e-04
4101
1  4.828e-04
4102
1  4.730e-04
4103
1  3.346e-04
4104
1  5.549e-04
4105
1  2.893e-04
4106
1  3.597e-04
4107
1  3.971e-04
4108
1  5.449e-04
4109
1  6.226e-04
4110
1  4.162e-04
4111
1  5.992e-04
4112
1  4.005e-04
4113
1  3.770e-04
4114
1  6.431e-04
4115
1  3.940e-04
4116
1  3.974e-04
4117
1  3.819e-04
4118
1  4.149e-04
4119
1  2.779e-04
4120
1  3.404e-04
4121
1  6.768e-04
4122
1  6.225e-04
4123
1  4.713e-04
4124
1  9.421e-04
4125
1  3.636e-04
4126
1  1.006e-03
4127
1  5.601e-04
4128
1  9.555e-04
4129
1  5.750e-04
4130
1  3.428e-04
4131
1  3.774e-04
4132
1  3.601e-04
4133
1  9.486e-04
4134
1  3.882e-04
4135
1  7.540e-04
4136
1  5.714e-04
4137
1  6.291e-04
4138
1  7.391e-04
4139
1  4.995e-04
4140
1  3.877e-04
4141
1  3.796e-04
4142
1  5.043e-04
4143
1  8.513e-04
4144
1  7.330e-04
4145
1  1.016e-03
4146
1  3.990e-04
4147
1  3.933e-04
4148
1  4.663e-04
4149
1  4.061e-04
4150
1  3.394e-04
4151
1  9.788e-04
4152
1  3.035e-04
4153
1  3.320e-04
4154
1  3.186e-04
4155
1  3.849e-04
4156
1  5.787e-04
4157
1  5.549e-04
4158
1  3.290e-04
4159
1  3.796e-04
4160
1  3.891e-04
4161
1  4.035e-04
4162
1  2.887e-04
4163
1  3.261e-04
4164
1  3.997e-04
4165
1  4.079e-04
4166
1  4.096e-04
4167
1  8.846e-04
4168
1  5.162e-04
4169
1  6.737e-04
4170
1  3.514e-04
4171
1  3.238e-04
4172
1  3.620e-04
4173
1  1.029e-03
4174
1  4.144e-04
4175
1  3.964e-04
4176
1  7.921e-04
4177
1  8.769e-04
4178
1  3.567e-04
4179
1  4.314e-04
4180
1  3.762e-04
4181
1  5.216e-04
4182
1  4.980e-04
4183
1  3.597e-04
4184
1  3.307e-04
4185
1  2.746e-04
4186
1  3.908e-04
4187
1  5.497e-04
4188
1  3.033e-04
4189
1  3.841e-04
4190
1  4.834e-04
4191
1  8.455e-04
4192
1  3.950e-04
4193
1  3.502e-04
4194
1  4.258e-04
4195
1  7.018e-04
4196
1  5.935e-04
4197
1  6.594e-04
4198
1  3.348e-04
4199
1  3.098e-04
4200
1  3.769e-04
4201
1  3.909e-04
4202
1  9.684e-04
4203
1  6.761e-04
4204
1  3.553e-04
4205
1  4.208e-04
4206
1  3.588e-04
4207
1  4.259e-04
4208
1  3.801e-04
4209
1  3.974e-04
4210
1  3.071e-04
4211
1  6.935e-04
4212
1  3.032e-04
4213
1  3.236e-04
4214
1  3.739e-04
4215
1  4.011e-04
4216
1  9.869e-04
4217
1  4.094e-04
4218
1  4.457e-04
4219
1  1.050e-03
4220
1  3.566e-04
4221
1  3.188e-04
4222
1  3.658e-04
4223
1  9.655e-04
4224
1  3.389e-04
4225
1  3.870e-04
4226
1  7.295e-04
4227
1  3.703e-04
4228
1  4.225e-04
4229
1  6.960e-04
4230
1  4.058e-04
4231
1  9.167e-04
4232
1  3.583e-04
4233
1  6.723e-04
4234
1  6.188e-04
4235
1  5.957e-04
4236
1  3.969e-04
4237
1  3.856e-04
4238
1  9.699e-04
4239
1  4.036e-04
4240
1  4.429e-04
4241
1  6.587e-04
4242
1  9.270e-04
4243
1  3.760e-04
4244
1  3.687e-04
4245
1  3.716e-04
4246
1  9.958e-04
4247
1  3.789e-04
4248
1  5.550e-04
4249
1  3.075e-04
4250
1  6.560e-04
4251
1  7.294e-04
4252
1  3.152e-04
4253
1  4.034e-04
4254
1  9.317e-04
4255
1  3.095e-04
4256
1  9.724e-04
4257
1  6.886e-04
4258
1  4.201e-04
4259
1  3.238e-04
4260
1  6.138e-04
4261
1  1.038e-03
4262
1  4.036e-04
4263
1  3.863e-04
4264
1  7.262e-04
4265
1  1.012e-03
4266
1  3.249e-04
4267
1  3.447e-04
4268
1  9.111e-04
4269
1  3.892e-04
4270
1  4.283e-04
4271
1  5.282e-04
4272
1  3.526e-04
4273
1  3.902e-04
4274
1  1.033e-03
4275
1  5.328e-04
4276
1  7.220e-04
4277
1  7.692e-04
4278
1  6.092e-04
4279
1  4.197e-04
4280
1  3.572e-04
4281
1  8.836e-04
4282
1  3.477e-04
4283
1  3.651e-04
4284
1  4.401e-04
4285
1  3.013e-04
4286
1  3.423e-04
4287
1  6.298e-04
4288
1  3.900e-04
4289
1  3.740e-04
4290
1  3.475e-04
4291
1  8.860e-04
4292
1  7.594e-04
4293
1  7.247e-04
4294
1  6.140e-04
4295
1  8.910e-04
4296
1  9.424e-04
4297
1  3.549e-04
4298
1  3.772e-04
4299
1  3.998e-04
4300
1  3.522e-04
4301
1  6.331e-04
4302
1  4.075e-04
4303
1  6.831e-04
4304
1  5.033e-04
4305
1  2.923e-04
4306
1  3.461e-04
4307
1  3.898e-04
4308
1  4.079e-04
4309
1  9.363e-04
4310
1  5.569e-04
4311
1  3.327e-04
4312
1  5.333e-04
4313
1  4.027e-04
4314
1  3.190e-04
4315
1  3.080e-04
4316
1  2.511e-04
4317
1  4.161e-04
4318
1  3.408e-04
4319
1  5.007e-04
4320
1  3.921e-04
4321
1  4.029e-04
4322
1  3.279e-04
4323
1  4.813e-04
4324
1  5.158e-04
4325
1  3.150e-04
4326
1  6.940e-04
4327
1  3.869e-04
4328
1  6.323e-04
4329
1  9.605e-04
4330
1  5.684e-04
4331
1  4.532e-04
4332
1  7.207e-04
4333
1  1.011e-03
4334
1  7.693e-04
4335
1  1.009e-03
4336
1  3.794e-04
4337
1  3.610e-04
4338
1  6.119e-04
4339
1  2.691e-04
4340
1  3.636e-04
4341
1  3.355e-04
4342
1  3.371e-04
4343
1  3.118e-04
4344
1  6.500e-04
4345
1  3.542e-04
4346
1  4.034e-04
4347
1  3.670e-04
4348
1  3.202e-04
4349
1  4.205e-04
4350
1  3.815e-04
4351
1  3.839e-04
4352
1  3.006e-04
4353
1  5.518e-04
4354
1  9.324e-04
4355
1  6.358e-04
4356
1  5.296e-04
4357
1  7.416e-04
4358
1  3.896e-04
4359
1  4.073e-04
4360
1  1.029e-03
4361
1  4.676e-04
4362
1  3.411e-04
4363
1  3.306e-04
4364
1  2.865e-04
4365
1  7.536e-04
4366
1  4.157e-04
4367
1  1.036e-03
4368
1  8.165e-04
4369
1  3.243e-04
4370
1  1.008e-03
4371
1  6.081e-04
4372
1  2.850e-04
4373
1  3.417e-04
4374
1  7.518e-04
4375
1  7.339e-04
4376
1  6.508e-04
4377
1  4.075e-04
4378
1  5.599e-04
4379
1  3.088e-04
4380
1  3.535e-04
4381
1  3.542e-04
4382
1  4.327e-04
4383
1  8.474e-04
4384
1  3.271e-04
4385
1  4.135e-04
4386
1  1.080e-03
4387
1  5.788e-04
4388
1  6.890e-04
4389
1  3.382e-04
4390
1  4.487e-04
4391
1  7.317e-04
4392
1  6.134e-04
4393
1  8.929e-04
4394
1  9.430e-04
4395
1  7.198e-04
4396
1  7.239e-04
4397
1  3.503e-04
4398
1  8.686e-04
4399
1  4.074e-04
4400
1  3.938e-04
4401
1  4.601e-04
4402
1  8.621e-04
4403
1  7.636e-04
4404
1  1.037e-03
4405
1  3.506e-04
4406
1  5.523e-04
4407
1  2.978e-04
4408
1  6.457e-04
4409
1  3.160e-04
4410
1  3.845e-04
4411
1  3.743e-04
4412
1  6.795e-04
4413
1  7.439e-04
4414
1  3.589e-04
4415
1  2.847e-04
4416
1  3.925e-04
4417
1  5.204e-04
4418
1  9.634e-04
4419
1  7.066e-04
4420
1  1.044e-03
4421
1  3.949e-04
4422
1  3.787e-04
4423
1  8.845e-04
4424
1  1.038e-03
4425
1  5.459e-04
4426
1  4.819e-04
4427
1  4.962e-04
4428
1  6.568e-04
4429
1  3.449e-04
4430
1  3.147e-04
4431
1  6.113e-04
4432
1  7.026e-04
4433
1  6.994e-04
4434
1  7.514e-04
4435
1  4.068e-04
4436
1  3.519e-04
4437
1  3.733e-04
4438
1  9.155e-04
4439
1  8.253e-04
4440
1  7.382e-04
4441
1  1.031e-03
4442
1  7.754e-04
4443
1  7.247e-04
4444
1  3.060e-04
4445
1  5.900e-04
4446
1  9.081e-04
4447
1  4.874e-04
4448
1  5.340e-04
4449
1  4.429e-04
4450
1  1.029e-03
4451
1  5.933e-04
4452
1  9.158e-04
4453
1  4.042e-04
4454
1  3.792e-04
4455
1  4.215e-04
4456
1  3.016e-04
4457
1  5.851e-04
4458
1  1.022e-03
4459
1  3.199e-04
4460
1  5.597e-04
4461
1  9.196e-04
4462
1  4.148e-04
4463
1  9.453e-04
4464
1  3.417e-04
4465
1  6.535e-04
4466
1  2.901e-04
4467
1  4.046e-04
4468
1  3.828e-04
4469
1  7.275e-04
4470
1  5.602e-04
4471
1  9.979e-04
4472
1  6.126e-04
4473
1  7.269e-04
4474
1  1.049e-03
4475
1  3.623e-04
4476
1  5.521e-04
4477
1  7.754e-04
4478
1  6.244e-04
4479
1  2.922e-04
4480
1  5.309e-04
4481
1  7.058e-04
4482
1  3.405e-04
4483
1  3.968e-04
4484
1  9.436e-04
4485
1  9.188e-04
4486
1  5.428e-04
4487
1  3.348e-04
4488
1  5.699e-04
4489
1  6.956e-04
4490
1  9.570e-04
4491
1  3.554e-04
4492
1  3.860e-04
4493
1  7.897e-04
4494
1  3.065e-04
4495
1  2.955e-04
4496
1  5.697e-04
4497
1  2.894e-04
4498
1  1.060e-03
4499
1  7.678e-04
4500
1  3.576e-04
4501
1  1.001e-03
4502
1  7.916e-04
4503
1  9.855e-04
4504
1  7.224e-04
4505
1  1.023e-03
4506
1  8.339e-04
4507
1  3.751e-04
4508
1  6.816e-04
4509
1  4.156e-04
4510
1  1.006e-03
4511
1  7.419e-04
4512
1  9.211e-04
4513
1  3.777e-04
4514
1  9.718e-04
4515
1  7.899e-04
4516
1  3.679e-04
4517
1  4.192e-04
4518
1  7.335e-04
4519
1  3.643e-04
4520
1  9.540e-04
4521
1  6.467e-04
4522
1  5.999e-04
4523
1  4.109e-04
4524
1  3.808e-04
4525
1  3.670e-04
4526
1  9.081e-04
4527
1  5.901e-04
4528
1  3.954e-04
4529
1  5.108e-04
4530
1  3.409e-04
4531
1  5.653e-04
4532
1  9.470e-04
4533
1  3.711e-04
4534
1  7.634e-04
4535
1  7.360e-04
4536
1  3.440e-04
4537
1  6.132e-04
4538
1  3.907e-04
4539
1  4.442e-04
4540
1  6.771e-04
4541
1  4.286e-04
4542
1  3.221e-04
4543
1  9.865e-04
4544
1  3.493e-04
4545
1  4.556e-04
4546
1  9.960e-04
4547
1  5.846e-04
4548
1  3.314e-04
4549
1  4.148e-04
4550
1  6.255e-04
4551
1  4.363e-04
4552
1  3.485e-04
4553
1  9.343e-04
4554
1  3.744e-04
4555
1  1.096e-03
4556
1  3.881e-04
4557
1  4.059e-04
4558
1  3.281e-04
4559
1  4.282e-04
4560
1  3.583e-04
4561
1  5.457e-04
4562
1  3.707e-04
4563
1  5.407e-04
4564
1  5.471e-04
4565
1  3.649e-04
4566
1  3.439e-04
4567
1  7.637e-04
4568
1  1.052e-03
4569
1  3.421e-04
4570
1  6.266e-04
4571
1  3.566e-04
4572
1  3.652e-04
4573
1  3.762e-04
4574
1  4.708e-04
4575
1  7.287e-04
4576
1  6.420e-04
4577
1  9.878e-04
4578
1  3.379e-04
4579
1  3.611e-04
4580
1  6.605e-04
4581
1  7.565e-04
4582
1  5.827e-04
4583
1  5.362e-04
4584
1  5.354e-04
4585
1  3.245e-04
4586
1  4.098e-04
4587
1  3.386e-04
4588
1  3.794e-04
4589
1  6.681e-04
4590
1  6.387e-04
4591
1  6.905e-04
4592
1  1.002e-03
4593
1  3.120e-04
4594
1  4.088e-04
4595
1  4.204e-04
4596
1  9.998e-04
4597
1  9.974e-04
4598
1  6.526e-04
4599
1  9.849e-04
4600
1  3.814e-04
4601
1  3.340e-04
4602
1  7.559e-04
4603
1  5.995e-04
4604
1  3.666e-04
4605
1  3.572e-04
4606
1  5.039e-04
4607
1  9.752e-04
4608
1  1.032e-03
4609
1  6.910e-04
4610
1  2.946e-04
4611
1  7.219e-04
4612
1  9.319e-04
4613
1  8.455e-04
4614
1  4.383e-04
4615
1  1.016e-03
4616
1  7.126e-04
4617
1  8.702e-04
4618
1  5.643e-04
4619
1  7.090e-04
4620
1  6.154e-04
4621
1  4.526e-04
4622
1  9.602e-04
4623
1  5.822e-04
4624
1  7.468e-04
4625
1  3.732e-04
4626
1  1.032e-03
4627
1  7.160e-04
4628
1  3.842e-04
4629
1  5.878e-04
4630
1  6.005e-04
4631
1  3.789e-04
4632
1  9.457e-04
4633
1  1.028e-03
4634
1  3.595e-04
4635
1  4.237e-04
4636
1  5.971e-04
4637
1  5.163e-04
4638
1  3.992e-04
4639
1  5.866e-04
4640
1  7.251e-04
4641
1  3.727e-04
4642
1  5.195e-04
4643
1  3.995e-04
4644
1  6.701e-04
4645
1  9.636e-04
4646
1  9.890e-04
4647
1  3.731e-04
4648
1  6.564e-04
4649
1  3.852e-04
4650
1  3.680e-04
4651
1  5.681e-04
4652
1  3.359e-04
4653
1  7.242e-04
4654
1  3.323e-04
4655
1  5.458e-04
4656
1  1.071e-03
4657
1  3.286e-04
4658
1  4.260e-04
4659
1  5.768e-04
4660
1  5.210e-04
4661
1  7.180e-04
4662
1  6.032e-04
4663
1  7.099e-04
4664
1  3.613e-04
4665
1  1.006e-03
4666
1  1.130e-03
4667
1  5.539e-04
4668
1  6.484e-04
4669
1  3.843e-04
4670
1  3.863e-04
4671
1  3.206e-04
4672
1  3.225e-04
4673
1  1.063e-03
4674
1  5.623e-04
4675
1  3.359e-04
4676
1  3.529e-04
4677
1  3.818e-04
4678
1  7.865e-04
4679
1  3.017e-04
4680
1  3.958e-04
4681
1  3.596e-04
4682
1  3.752e-04
4683
1  4.062e-04
4684
1  5.793e-04
4685
1  5.450e-04
4686
1  5.611e-04
4687
1  2.912e-04
4688
1  5.429e-04
4689
1  3.933e-04
4690
1  4.436e-04
4691
1  3.289e-04
4692
1  3.872e-04
4693
1  3.366e-04
4694
1  9.279e-04
4695
1  3.489e-04
4696
1  6.278e-04
4697
1  5.297e-04
4698
1  3.728e-04
4699
1  7.822e-04
4700
1  3.357e-04
4701
1  1.006e-03
4702
1  7.722e-04
4703
1  9.562e-04
4704
1  7.915e-04
4705
1  6.000e-04
4706
1  9.211e-04
4707
1  3.862e-04
4708
1  3.444e-04
4709
1  3.813e-04
4710
1  7.371e-04
4711
1  5.943e-04
4712
1  4.749e-04
4713
1  3.686e-04
4714
1  3.469e-04
4715
1  2.915e-04
4716
1  3.534e-04
4717
1  3.662e-04
4718
1  1.024e-03
4719
1  3.538e-04
4720
1  3.350e-04
4721
1  7.293e-04
4722
1  6.041e-04
4723
1  4.496e-04
4724
1  5.160e-04
4725
1  3.136e-04
4726
1  2.982e-04
4727
1  2.990e-04
4728
1  3.809e-04
4729
1  9.503e-04
4730
1  3.931e-04
4731
1  3.602e-04
4732
1  3.593e-04
4733
1  3.625e-04
4734
1  7.936e-04
4735
1  3.855e-04
4736
1  3.445e-04
4737
1  3.705e-04
4738
1  9.842e-04
4739
1  5.882e-04
4740
1  7.235e-04
4741
1  6.937e-04
4742
1  9.863e-04
4743
1  4.040e-04
4744
1  3.658e-04
4745
1  9.525e-04
4746
1  3.475e-04
4747
1  3.885e-04
4748
1  7.865e-04
4749
1  7.009e-04
4750
1  9.290e-04
4751
1  5.689e-04
4752
1  8.842e-04
4753
1  3.750e-04
4754
1  7.217e-04
4755
1  1.002e-03
4756
1  8.449e-04
4757
1  1.051e-03
4758
1  6.172e-04
4759
1  4.456e-04
4760
1  7.607e-04
4761
1  4.596e-04
4762
1  3.983e-04
4763
1  3.132e-04
4764
1  7.819e-04
4765
1  3.138e-04
4766
1  3.622e-04
4767
1  3.711e-04
4768
1  3.245e-04
4769
1  3.924e-04
4770
1  1.036e-03
4771
1  1.030e-03
4772
1  7.386e-04
4773
1  3.218e-04
4774
1  7.062e-04
4775
1  9.769e-04
4776
1  3.003e-04
4777
1  4.161e-04
4778
1  3.938e-04
4779
1  9.764e-04
4780
1  5.973e-04
4781
1  4.037e-04
4782
1  7.499e-04
4783
1  3.582e-04
4784
1  3.853e-04
4785
1  6.518e-04
4786
1  5.952e-04
4787
1  7.087e-04
4788
1  3.470e-04
4789
1  9.874e-04
4790
1  9.913e-04
4791
1  4.533e-04
4792
1  6.746e-04
4793
1  9.172e-04
4794
1  7.597e-04
4795
1  6.417e-04
4796
1  5.333e-04
4797
1  9.787e-04
4798
1  3.778e-04
4799
1  3.957e-04
4800
1  6.729e-04
4801
1  3.845e-04
4802
1  5.174e-04
4803
1  9.197e-04
4804
1  5.435e-04
4805
1  9.350e-04
4806
1  4.043e-04
4807
1  3.579e-04
4808
1  4.375e-04
4809
1  4.688e-04
4810
1  3.982e-04
4811
1  7.851e-04
4812
1  1.005e-03
4813
1  7.529e-04
4814
1  4.055e-04
4815
1  1.023e-03
4816
1  5.267e-04
4817
1  3.396e-04
4818
1  5.262e-04
4819
1  4.944e-04
4820
1  6.614e-04
4821
1  3.873e-04
4822
1  2.727e-04
4823
1  3.669e-04
4824
1  6.893e-04
4825
1  9.307e-04
4826
1  9.550e-04
4827
1  5.918e-04
4828
1  3.631e-04
4829
1  3.680e-04
4830
1  3.555e-04
4831
1  3.034e-04
4832
1  5.651e-04
4833
1  3.260e-04
4834
1  5.506e-04
4835
1  3.334e-04
4836
1  5.154e-04
4837
1  6.864e-04
4838
1  5.432e-04
4839
1  3.200e-04
4840
1  3.953e-04
4841
1  6.765e-04
4842
1  9.848e-04
4843
1  1.029e-03
4844
1  6.946e-04
4845
1  3.800e-04
4846
1  1.009e-03
4847
1  3.431e-04
4848
1  4.150e-04
4849
1  3.122e-04
4850
1  3.919e-04
4851
1  3.906e-04
4852
1  3.118e-04
4853
1  5.681e-04
4854
1  7.829e-04
4855
1  3.778e-04
4856
1  9.795e-04
4857
1  6.339e-04
4858
1  3.992e-04
4859
1  6.816e-04
4860
1  4.821e-04
4861
1  3.794e-04
4862
1  6.784e-04
4863
1  5.704e-04
4864
1  4.115e-04
4865
1  3.568e-04
4866
1  5.810e-04
4867
1  3.316e-04
4868
1  4.227e-04
4869
1  9.269e-04
4870
1  3.043e-04
4871
1  4.135e-04
4872
1  7.468e-04
4873
1  3.184e-04
4874
1  3.089e-04
4875
1  3.756e-04
4876
1  4.338e-04
4877
1  4.142e-04
4878
1  3.840e-04
4879
1  4.337e-04
4880
1  3.059e-04
4881
1  5.679e-04
4882
1  6.045e-04
4883
1  9.307e-04
4884
1  4.535e-04
4885
1  1.004e-03
4886
1  3.756e-04
4887
1  3.356e-04
4888
1  3.786e-04
4889
1  3.567e-04
4890
1  3.819e-04
4891
1  6.602e-04
4892
1  9.637e-04
4893
1  3.275e-04
4894
1  5.929e-04
4895
1  7.425e-04
4896
1  3.593e-04
4897
1  4.225e-04
4898
1  3.838e-04
4899
1  5.828e-04
4900
1  9.149e-04
4901
1  4.258e-04
4902
1  6.037e-04
4903
1  3.793e-04
4904
1  3.117e-04
4905
1  5.918e-04
4906
1  3.640e-04
4907
1  3.222e-04
4908
1  5.410e-04
4909
1  3.107e-04
4910
1  6.151e-04
4911
1  4.192e-04
4912
1  4.877e-04
4913
1  3.281e-04
4914
1  5.872e-04
4915
1  3.517e-04
4916
1  5.231e-04
4917
1  4.288e-04
4918
1  4.962e-04
4919
1  6.709e-04
4920
1  1.020e-03
4921
1  5.651e-04
4922
1  7.083e-04
4923
1  8.104e-04
4924
1  5.937e-04
4925
1  3.447e-04
4926
1  9.565e-04
4927
1  9.774e-04
4928
1  5.118e-04
4929
1  3.309e-04
4930
1  5.089e-04
4931
1  2.864e-04
4932
1  5.977e-04
4933
1  6.715e-04
4934
1  4.260e-04
4935
1  5.040e-04
4936
1  6.136e-04
4937
1  3.356e-04
4938
1  3.597e-04
4939
1  9.782e-04
4940
1  4.419e-04
4941
1  3.739e-04
4942
1  3.998e-04
4943
1  3.794e-04
4944
1  3.348e-04
4945
1  2.868e-04
4946
1  4.063e-04
4947
1  3.487e-04
4948
1  9.529e-04
4949
1  4.749e-04
4950
1  5.174e-04
4951
1  6.994e-04
4952
1  3.235e-04
4953
1  6.188e-04
4954
1  3.955e-04
4955
1  3.963e-04
4956
1  3.691e-04
4957
1  4.005e-04
4958
1  9.166e-04
4959
1  8.251e-04
4960
1  3.633e-04
4961
1  3.468e-04
4962
1  6.207e-04
4963
1  8.723e-04
4964
1  3.114e-04
4965
1  3.888e-04
4966
1  3.631e-04
4967
1  3.289e-04
4968
1  1.063e-03
4969
1  7.453e-04
4970
1  3.661e-04
4971
1  5.901e-04
4972
1  5.222e-04
4973
1  4.842e-04
4974
1  4.169e-04
4975
1  5.382e-04
4976
1  4.045e-04
4977
1  9.821e-04
4978
1  3.711e-04
4979
1  6.144e-04
4980
1  3.575e-04
4981
1  3.663e-04
4982
1  3.822e-04
4983
1  3.050e-04
4984
1  5.031e-04
4985
1  5.740e-04
4986
1  6.956e-04
4987
1  5.326e-04
4988
1  6.741e-04
4989
1  5.450e-04
4990
1  3.376e-04
4991
1  3.581e-04
4992
1  5.921e-04
4993
1  3.556e-04
4994
1  5.333e-04
4995
1  3.605e-04
4996
1  9.018e-04
4997
1  1.025e-03
4998
1  7.537e-04
4999
1  9.384e-04
5000
1  8.336e-04
5001
1  3.454e-04
5002
1  3.401e-04
5003
1  4.024e-04
5004
1  3.748e-04
5005
1  4.370e-04
5006
1  1.647e-04
5007
1  8.419e-05
5008
1  0.000e+00
